TN:
SF:src\App.tsx
FN:23,(anonymous_0)
FN:23,(anonymous_1)
FN:24,(anonymous_2)
FN:24,(anonymous_3)
FN:25,(anonymous_4)
FN:25,(anonymous_5)
FN:26,(anonymous_6)
FN:26,(anonymous_7)
FN:27,(anonymous_8)
FN:27,(anonymous_9)
FN:28,(anonymous_10)
FN:28,(anonymous_11)
FN:29,(anonymous_12)
FN:30,(anonymous_13)
FN:30,(anonymous_14)
FN:31,(anonymous_15)
FN:31,(anonymous_16)
FN:32,(anonymous_17)
FN:32,(anonymous_18)
FN:33,(anonymous_19)
FN:33,(anonymous_20)
FN:34,(anonymous_21)
FN:34,(anonymous_22)
FN:46,AnimatedRoutes
FN:88,GlobalWebSocketListener
FN:90,(anonymous_25)
FN:94,(anonymous_26)
FN:98,(anonymous_27)
FN:102,(anonymous_28)
FN:106,(anonymous_29)
FN:111,(anonymous_30)
FN:122,GlobalShortcuts
FN:127,AppInner
FN:182,App
FN:186,(anonymous_34)
FN:189,(anonymous_35)
FN:193,(anonymous_36)
FN:195,(anonymous_37)
FN:198,(anonymous_38)
FN:199,(anonymous_39)
FN:202,(anonymous_40)
FNF:41
FNH:7
FNDA:0,(anonymous_0)
FNDA:0,(anonymous_1)
FNDA:0,(anonymous_2)
FNDA:0,(anonymous_3)
FNDA:0,(anonymous_4)
FNDA:0,(anonymous_5)
FNDA:0,(anonymous_6)
FNDA:0,(anonymous_7)
FNDA:0,(anonymous_8)
FNDA:0,(anonymous_9)
FNDA:0,(anonymous_10)
FNDA:0,(anonymous_11)
FNDA:0,(anonymous_12)
FNDA:0,(anonymous_13)
FNDA:0,(anonymous_14)
FNDA:0,(anonymous_15)
FNDA:0,(anonymous_16)
FNDA:0,(anonymous_17)
FNDA:0,(anonymous_18)
FNDA:0,(anonymous_19)
FNDA:0,(anonymous_20)
FNDA:0,(anonymous_21)
FNDA:0,(anonymous_22)
FNDA:3,AnimatedRoutes
FNDA:3,GlobalWebSocketListener
FNDA:0,(anonymous_25)
FNDA:0,(anonymous_26)
FNDA:0,(anonymous_27)
FNDA:0,(anonymous_28)
FNDA:0,(anonymous_29)
FNDA:0,(anonymous_30)
FNDA:3,GlobalShortcuts
FNDA:3,AppInner
FNDA:3,App
FNDA:0,(anonymous_34)
FNDA:0,(anonymous_35)
FNDA:3,(anonymous_36)
FNDA:3,(anonymous_37)
FNDA:0,(anonymous_38)
FNDA:0,(anonymous_39)
FNDA:0,(anonymous_40)
DA:23,1
DA:24,1
DA:25,1
DA:26,1
DA:27,1
DA:28,1
DA:29,1
DA:30,1
DA:31,1
DA:32,1
DA:33,1
DA:34,1
DA:36,1
DA:47,3
DA:48,3
DA:50,3
DA:51,0
DA:59,3
DA:89,3
DA:91,0
DA:92,0
DA:95,0
DA:96,0
DA:99,0
DA:100,0
DA:103,0
DA:104,0
DA:107,0
DA:108,0
DA:109,0
DA:112,0
DA:113,0
DA:114,0
DA:118,3
DA:123,3
DA:124,3
DA:140,3
DA:141,3
DA:143,3
DA:183,3
DA:184,3
DA:186,3
DA:187,0
DA:188,0
DA:189,0
DA:193,3
DA:194,3
DA:195,3
DA:198,3
DA:199,0
DA:202,3
DA:203,0
DA:206,3
LF:53
LH:33
BRDA:48,0,0,3
BRDA:48,0,1,3
BRDA:50,1,0,0
BRDA:50,1,1,3
BRDA:92,2,0,0
BRDA:92,2,1,0
BRDA:96,3,0,0
BRDA:96,3,1,0
BRDA:96,3,2,0
BRDA:100,4,0,0
BRDA:100,4,1,0
BRDA:104,5,0,0
BRDA:104,5,1,0
BRDA:108,6,0,0
BRDA:108,6,1,0
BRDA:108,6,2,0
BRDA:114,7,0,0
BRDA:114,7,1,0
BRDA:141,8,0,3
BRDA:141,8,1,3
BRDA:154,9,0,0
BRDA:154,9,1,3
BRDA:170,10,0,3
BRDA:170,10,1,3
BRDA:187,11,0,0
BRDA:187,11,1,0
BRDA:187,12,0,0
BRDA:187,12,1,0
BRDA:187,12,2,0
BRF:29
BRH:8
end_of_record
TN:
SF:src\main.tsx
FN:11,(anonymous_0)
FN:14,(anonymous_1)
FN:17,(anonymous_2)
FN:30,(anonymous_3)
FNF:4
FNH:0
FNDA:0,(anonymous_0)
FNDA:0,(anonymous_1)
FNDA:0,(anonymous_2)
FNDA:0,(anonymous_3)
DA:10,0
DA:11,0
DA:12,0
DA:18,0
DA:24,0
DA:25,0
DA:26,0
DA:30,0
DA:31,0
LF:9
LH:0
BRDA:10,0,0,0
BRDA:10,0,1,0
BRDA:10,1,0,0
BRDA:10,1,1,0
BRDA:25,2,0,0
BRDA:25,2,1,0
BRF:6
BRH:0
end_of_record
TN:
SF:src\api\client.ts
FNF:0
FNH:0
LF:0
LH:0
BRF:0
BRH:0
end_of_record
TN:
SF:src\api\core.ts
FN:9,(anonymous_0)
FN:17,(anonymous_1)
FN:18,(anonymous_2)
FN:112,bootstrapApiKey
FNF:4
FNH:2
FNDA:49,(anonymous_0)
FNDA:0,(anonymous_1)
FNDA:49,(anonymous_2)
FNDA:0,bootstrapApiKey
DA:3,10
DA:9,10
DA:10,49
DA:11,49
DA:12,0
DA:14,49
DA:17,10
DA:18,0
DA:22,49
DA:23,49
DA:24,49
DA:26,49
DA:27,49
DA:28,49
DA:29,48
DA:30,0
DA:35,48
DA:36,0
DA:40,48
DA:41,48
DA:50,0
DA:51,0
DA:60,0
DA:61,0
DA:66,0
DA:67,0
DA:74,0
DA:75,0
DA:77,0
DA:78,0
DA:80,0
DA:81,0
DA:91,0
DA:92,0
DA:96,0
DA:99,0
DA:100,0
DA:102,0
DA:113,0
DA:114,0
DA:115,0
DA:116,0
DA:117,0
DA:118,0
LF:44
LH:16
BRDA:11,0,0,0
BRDA:11,0,1,49
BRDA:22,1,0,49
BRDA:22,1,1,0
BRDA:22,2,0,49
BRDA:22,2,1,49
BRDA:22,2,2,0
BRDA:23,3,0,49
BRDA:23,3,1,0
BRDA:26,4,0,0
BRDA:26,4,1,49
BRDA:27,5,0,0
BRDA:27,5,1,49
BRDA:28,6,0,1
BRDA:28,6,1,48
BRDA:29,7,0,0
BRDA:29,7,1,48
BRDA:35,8,0,0
BRDA:35,8,1,48
BRDA:40,9,0,48
BRDA:40,9,1,0
BRDA:50,10,0,0
BRDA:50,10,1,0
BRDA:60,11,0,0
BRDA:60,11,1,0
BRDA:66,12,0,0
BRDA:66,12,1,0
BRDA:74,13,0,0
BRDA:74,13,1,0
BRDA:77,14,0,0
BRDA:77,14,1,0
BRDA:80,15,0,0
BRDA:80,15,1,0
BRDA:91,16,0,0
BRDA:91,16,1,0
BRDA:99,17,0,0
BRDA:99,17,1,0
BRDA:99,18,0,0
BRDA:99,18,1,0
BRDA:113,19,0,0
BRDA:113,19,1,0
BRDA:117,20,0,0
BRDA:117,20,1,0
BRF:43
BRH:12
end_of_record
TN:
SF:src\api\health.ts
FN:6,getHealth
FN:11,getUpdateInfo
FN:16,getStats
FNF:3
FNH:0
FNDA:0,getHealth
FNDA:0,getUpdateInfo
FNDA:0,getStats
DA:7,0
DA:8,0
DA:12,0
DA:13,0
DA:17,0
DA:18,0
LF:6
LH:0
BRF:0
BRH:0
end_of_record
TN:
SF:src\api\library.ts
FN:6,getLibrary
FN:11,getSeriesDetail
FN:16,getMovieDetail
FN:23,episodeSearch
FN:28,episodeHistory
FN:74,searchInteractive
FN:79,searchInteractiveEpisode
FN:84,downloadSpecific
FN:89,downloadSpecificEpisode
FN:96,listEpisodeTracks
FN:101,extractTrack
FN:108,trackAsSource
FN:113,removeTrackFromContainer
FN:124,getRemuxJob
FN:129,restoreRemuxBackup
FN:134,listEpisodeSubtitles
FN:139,listSeriesSubtitles
FN:144,deleteSubtitles
FN:149,exportSubtitleNfo
FN:154,batchDeleteSeriesSubtitles
FN:162,getSupportedLanguages
FN:168,getSubtitleDownloadUrl
FN:173,getSeriesSubtitleExportUrl
FN:181,updateSeriesSettings
FN:189,batchExtractAllTracks
FN:194,exportSeriesNfo
FN:201,getSeriesFansubPrefs
FN:206,setSeriesFansubPrefs
FN:214,deleteSeriesFansubPrefs
FN:220,getSeriesAudioPref
FN:225,setSeriesAudioPref
FNF:31
FNH:0
FNDA:0,getLibrary
FNDA:0,getSeriesDetail
FNDA:0,getMovieDetail
FNDA:0,episodeSearch
FNDA:0,episodeHistory
FNDA:0,searchInteractive
FNDA:0,searchInteractiveEpisode
FNDA:0,downloadSpecific
FNDA:0,downloadSpecificEpisode
FNDA:0,listEpisodeTracks
FNDA:0,extractTrack
FNDA:0,trackAsSource
FNDA:0,removeTrackFromContainer
FNDA:0,getRemuxJob
FNDA:0,restoreRemuxBackup
FNDA:0,listEpisodeSubtitles
FNDA:0,listSeriesSubtitles
FNDA:0,deleteSubtitles
FNDA:0,exportSubtitleNfo
FNDA:0,batchDeleteSeriesSubtitles
FNDA:0,getSupportedLanguages
FNDA:0,getSubtitleDownloadUrl
FNDA:0,getSeriesSubtitleExportUrl
FNDA:0,updateSeriesSettings
FNDA:0,batchExtractAllTracks
FNDA:0,exportSeriesNfo
FNDA:0,getSeriesFansubPrefs
FNDA:0,setSeriesFansubPrefs
FNDA:0,deleteSeriesFansubPrefs
FNDA:0,getSeriesAudioPref
FNDA:0,setSeriesAudioPref
DA:7,0
DA:8,0
DA:12,0
DA:13,0
DA:17,0
DA:18,0
DA:24,0
DA:25,0
DA:29,0
DA:30,0
DA:75,0
DA:76,0
DA:80,0
DA:81,0
DA:85,0
DA:86,0
DA:90,0
DA:91,0
DA:97,0
DA:98,0
DA:102,0
DA:103,0
DA:104,0
DA:105,0
DA:109,0
DA:110,0
DA:118,0
DA:119,0
DA:120,0
DA:121,0
DA:125,0
DA:126,0
DA:130,0
DA:131,0
DA:135,0
DA:136,0
DA:140,0
DA:141,0
DA:145,0
DA:146,0
DA:150,0
DA:151,0
DA:158,0
DA:159,0
DA:163,0
DA:164,0
DA:169,0
DA:177,0
DA:178,0
DA:185,0
DA:186,0
DA:190,0
DA:191,0
DA:195,0
DA:196,0
DA:202,0
DA:203,0
DA:210,0
DA:211,0
DA:215,0
DA:221,0
DA:222,0
DA:226,0
DA:227,0
LF:64
LH:0
BRDA:103,0,0,0
BRDA:103,0,1,0
BRDA:119,1,0,0
BRDA:119,1,1,0
BRDA:144,2,0,0
BRDA:177,3,0,0
BRDA:177,3,1,0
BRF:7
BRH:0
end_of_record
TN:
SF:src\api\providers.ts
FN:6,getProviders
FN:11,testProvider
FN:20,getProviderStats
FN:25,getProviderHealth
FN:32,getFfprobeStats
FN:37,triggerFfprobeCleanup
FN:44,triggerDbVacuum
FN:49,clearProviderCache
FN:55,enableProvider
FN:91,getMarketplacePlugins
FN:98,getMarketplacePlugin
FN:103,installMarketplacePlugin
FN:111,uninstallMarketplacePlugin
FN:116,checkMarketplaceUpdates
FN:147,getMarketplaceBrowse
FN:152,refreshMarketplace
FN:157,getInstalledPlugins
FN:162,installBrowsePlugin
FN:174,uninstallBrowsePlugin
FN:180,(anonymous_19)
FN:180,(anonymous_20)
FN:181,(anonymous_21)
FN:181,(anonymous_22)
FN:182,(anonymous_23)
FN:182,(anonymous_24)
FN:183,(anonymous_25)
FN:183,(anonymous_26)
FN:184,(anonymous_27)
FN:184,(anonymous_28)
FN:185,(anonymous_29)
FN:185,(anonymous_30)
FN:186,(anonymous_31)
FN:186,(anonymous_32)
FN:187,(anonymous_33)
FN:187,(anonymous_34)
FN:188,(anonymous_35)
FN:188,(anonymous_36)
FN:189,(anonymous_37)
FN:189,(anonymous_38)
FN:190,(anonymous_39)
FN:190,(anonymous_40)
FN:191,(anonymous_41)
FN:192,(anonymous_42)
FN:196,getAnidbMappingStatus
FN:205,refreshAnidbMapping
FNF:45
FNH:1
FNDA:0,getProviders
FNDA:0,testProvider
FNDA:0,getProviderStats
FNDA:48,getProviderHealth
FNDA:0,getFfprobeStats
FNDA:0,triggerFfprobeCleanup
FNDA:0,triggerDbVacuum
FNDA:0,clearProviderCache
FNDA:0,enableProvider
FNDA:0,getMarketplacePlugins
FNDA:0,getMarketplacePlugin
FNDA:0,installMarketplacePlugin
FNDA:0,uninstallMarketplacePlugin
FNDA:0,checkMarketplaceUpdates
FNDA:0,getMarketplaceBrowse
FNDA:0,refreshMarketplace
FNDA:0,getInstalledPlugins
FNDA:0,installBrowsePlugin
FNDA:0,uninstallBrowsePlugin
FNDA:0,(anonymous_19)
FNDA:0,(anonymous_20)
FNDA:0,(anonymous_21)
FNDA:0,(anonymous_22)
FNDA:0,(anonymous_23)
FNDA:0,(anonymous_24)
FNDA:0,(anonymous_25)
FNDA:0,(anonymous_26)
FNDA:0,(anonymous_27)
FNDA:0,(anonymous_28)
FNDA:0,(anonymous_29)
FNDA:0,(anonymous_30)
FNDA:0,(anonymous_31)
FNDA:0,(anonymous_32)
FNDA:0,(anonymous_33)
FNDA:0,(anonymous_34)
FNDA:0,(anonymous_35)
FNDA:0,(anonymous_36)
FNDA:0,(anonymous_37)
FNDA:0,(anonymous_38)
FNDA:0,(anonymous_39)
FNDA:0,(anonymous_40)
FNDA:0,(anonymous_41)
FNDA:0,(anonymous_42)
FNDA:0,getAnidbMappingStatus
FNDA:0,refreshAnidbMapping
DA:7,0
DA:8,0
DA:12,0
DA:13,0
DA:21,0
DA:22,0
DA:26,48
DA:27,48
DA:33,0
DA:34,0
DA:38,0
DA:39,0
DA:45,0
DA:46,0
DA:50,0
DA:51,0
DA:52,0
DA:56,0
DA:57,0
DA:92,0
DA:93,0
DA:94,0
DA:95,0
DA:99,0
DA:100,0
DA:107,0
DA:108,0
DA:112,0
DA:113,0
DA:119,0
DA:120,0
DA:148,0
DA:149,0
DA:153,0
DA:154,0
DA:158,0
DA:159,0
DA:163,0
DA:171,0
DA:175,0
DA:176,0
DA:180,10
DA:181,10
DA:182,10
DA:183,10
DA:184,10
DA:185,10
DA:186,10
DA:187,10
DA:188,10
DA:189,10
DA:190,10
DA:191,10
DA:192,0
DA:201,0
DA:202,0
DA:206,0
DA:207,0
LF:58
LH:14
BRDA:15,0,0,0
BRDA:15,0,1,0
BRDA:16,1,0,0
BRDA:16,1,1,0
BRDA:50,2,0,0
BRDA:50,2,1,0
BRDA:93,3,0,0
BRDA:93,3,1,0
BRDA:120,4,0,0
BRDA:120,4,1,0
BRF:10
BRH:0
end_of_record
TN:
SF:src\api\settings.ts
FN:10,getConfig
FN:15,updateConfig
FN:22,exportConfig
FN:27,importConfig
FN:34,getLanguageProfiles
FN:39,createLanguageProfile
FN:44,updateLanguageProfile
FN:49,deleteLanguageProfile
FN:53,assignProfile
FN:59,(anonymous_9)
FN:59,(anonymous_10)
FN:60,(anonymous_11)
FN:60,(anonymous_12)
FN:61,(anonymous_13)
FN:61,(anonymous_14)
FN:62,(anonymous_15)
FN:62,(anonymous_16)
FN:63,(anonymous_17)
FN:64,(anonymous_18)
FN:64,(anonymous_19)
FN:65,(anonymous_20)
FN:65,(anonymous_21)
FN:66,(anonymous_22)
FN:66,(anonymous_23)
FN:67,(anonymous_24)
FN:67,(anonymous_25)
FN:68,(anonymous_26)
FN:69,(anonymous_27)
FN:69,(anonymous_28)
FN:70,(anonymous_29)
FN:70,(anonymous_30)
FN:71,(anonymous_31)
FN:72,(anonymous_32)
FN:72,(anonymous_33)
FN:73,(anonymous_34)
FN:73,(anonymous_35)
FN:74,(anonymous_36)
FN:75,(anonymous_37)
FN:75,(anonymous_38)
FN:76,(anonymous_39)
FN:76,(anonymous_40)
FN:77,(anonymous_41)
FN:78,(anonymous_42)
FN:78,(anonymous_43)
FN:79,(anonymous_44)
FN:79,(anonymous_45)
FN:80,(anonymous_46)
FN:80,(anonymous_47)
FN:84,getMediaServerTypes
FN:89,getMediaServerInstances
FN:94,saveMediaServerInstances
FN:99,testMediaServer
FN:104,getMediaServerHealth
FN:118,getSonarrInstances
FN:123,getRadarrInstances
FN:128,testSonarrInstance
FN:133,testRadarrInstance
FN:140,getOnboardingStatus
FN:151,completeOnboarding
FN:158,getApiKeys
FN:163,getApiKeyService
FN:168,updateApiKey
FN:173,testApiKey
FN:178,exportApiKeys
FN:183,importApiKeys
FN:192,importBazarrConfig
FN:201,confirmBazarrImport
FN:208,getAuthStatus
FN:213,setupAuth
FN:217,login
FN:221,logout
FN:225,changePassword
FN:229,toggleAuth
FN:234,getStreamingEnabled
FN:242,getMediaStreamUrl
FNF:75
FNH:1
FNDA:0,getConfig
FNDA:0,updateConfig
FNDA:0,exportConfig
FNDA:0,importConfig
FNDA:0,getLanguageProfiles
FNDA:0,createLanguageProfile
FNDA:0,updateLanguageProfile
FNDA:0,deleteLanguageProfile
FNDA:0,assignProfile
FNDA:0,(anonymous_9)
FNDA:0,(anonymous_10)
FNDA:0,(anonymous_11)
FNDA:0,(anonymous_12)
FNDA:0,(anonymous_13)
FNDA:0,(anonymous_14)
FNDA:0,(anonymous_15)
FNDA:0,(anonymous_16)
FNDA:0,(anonymous_17)
FNDA:0,(anonymous_18)
FNDA:0,(anonymous_19)
FNDA:0,(anonymous_20)
FNDA:0,(anonymous_21)
FNDA:0,(anonymous_22)
FNDA:0,(anonymous_23)
FNDA:0,(anonymous_24)
FNDA:0,(anonymous_25)
FNDA:0,(anonymous_26)
FNDA:0,(anonymous_27)
FNDA:0,(anonymous_28)
FNDA:0,(anonymous_29)
FNDA:0,(anonymous_30)
FNDA:0,(anonymous_31)
FNDA:0,(anonymous_32)
FNDA:0,(anonymous_33)
FNDA:0,(anonymous_34)
FNDA:0,(anonymous_35)
FNDA:0,(anonymous_36)
FNDA:0,(anonymous_37)
FNDA:0,(anonymous_38)
FNDA:0,(anonymous_39)
FNDA:0,(anonymous_40)
FNDA:0,(anonymous_41)
FNDA:0,(anonymous_42)
FNDA:0,(anonymous_43)
FNDA:0,(anonymous_44)
FNDA:0,(anonymous_45)
FNDA:0,(anonymous_46)
FNDA:0,(anonymous_47)
FNDA:0,getMediaServerTypes
FNDA:0,getMediaServerInstances
FNDA:0,saveMediaServerInstances
FNDA:0,testMediaServer
FNDA:0,getMediaServerHealth
FNDA:0,getSonarrInstances
FNDA:0,getRadarrInstances
FNDA:0,testSonarrInstance
FNDA:0,testRadarrInstance
FNDA:0,getOnboardingStatus
FNDA:0,completeOnboarding
FNDA:0,getApiKeys
FNDA:0,getApiKeyService
FNDA:0,updateApiKey
FNDA:0,testApiKey
FNDA:0,exportApiKeys
FNDA:0,importApiKeys
FNDA:0,importBazarrConfig
FNDA:0,confirmBazarrImport
FNDA:1,getAuthStatus
FNDA:0,setupAuth
FNDA:0,login
FNDA:0,logout
FNDA:0,changePassword
FNDA:0,toggleAuth
FNDA:0,getStreamingEnabled
FNDA:0,getMediaStreamUrl
DA:11,0
DA:12,0
DA:16,0
DA:17,0
DA:23,0
DA:24,0
DA:28,0
DA:29,0
DA:35,0
DA:36,0
DA:40,0
DA:41,0
DA:45,0
DA:46,0
DA:50,0
DA:54,0
DA:59,10
DA:60,10
DA:61,10
DA:62,10
DA:63,10
DA:64,10
DA:65,10
DA:66,10
DA:67,10
DA:68,10
DA:69,10
DA:70,10
DA:71,10
DA:72,10
DA:73,10
DA:74,10
DA:75,10
DA:76,10
DA:77,10
DA:78,10
DA:79,10
DA:80,10
DA:85,0
DA:86,0
DA:90,0
DA:91,0
DA:95,0
DA:96,0
DA:100,0
DA:101,0
DA:105,0
DA:106,0
DA:119,0
DA:120,0
DA:124,0
DA:125,0
DA:129,0
DA:130,0
DA:134,0
DA:135,0
DA:147,0
DA:148,0
DA:152,0
DA:153,0
DA:159,0
DA:160,0
DA:164,0
DA:165,0
DA:169,0
DA:170,0
DA:174,0
DA:175,0
DA:179,0
DA:180,0
DA:184,0
DA:185,0
DA:186,0
DA:189,0
DA:193,0
DA:194,0
DA:195,0
DA:198,0
DA:202,0
DA:203,0
DA:209,1
DA:210,1
DA:214,0
DA:218,0
DA:222,0
DA:226,0
DA:230,0
DA:235,0
DA:236,0
DA:243,0
DA:244,0
DA:245,0
DA:246,0
LF:93
LH:24
BRDA:60,0,0,0
BRDA:60,0,1,0
BRDA:65,1,0,0
BRDA:65,1,1,0
BRDA:236,2,0,0
BRDA:236,2,1,0
BRDA:245,3,0,0
BRDA:245,3,1,0
BRF:8
BRH:0
end_of_record
TN:
SF:src\api\system.ts
FN:20,getBlacklist
FN:25,addToBlacklist
FN:33,removeFromBlacklist
FN:37,clearBlacklist
FN:44,getHistory
FN:54,getHistoryStats
FN:61,testNotification
FN:67,getNotificationStatus
FN:78,getLogs
FN:87,getWatchedFolders
FN:92,saveWatchedFolder
FN:101,deleteWatchedFolder
FN:105,getStandaloneSeries
FN:110,getStandaloneMovies
FN:115,triggerStandaloneScan
FN:120,getStandaloneStatus
FN:125,rescanSeries
FN:130,refreshSeriesMetadata
FN:136,getStatistics
FN:141,exportStatistics
FN:151,createFullBackup
FN:156,listFullBackups
FN:161,downloadFullBackupUrl
FN:165,restoreFullBackup
FN:176,getLogRotation
FN:181,updateLogRotation
FN:188,fetchSupportPreview
FN:193,downloadSupportBundle
FN:212,runSubtitleTool
FN:217,previewSubtitle
FN:222,getSubtitleContent
FN:227,saveSubtitleContent
FN:232,getSubtitleBackup
FN:237,validateSubtitle
FN:242,parseSubtitleCues
FN:249,getTasks
FN:256,runHealthCheck
FN:261,runHealthCheckBatch
FN:266,applyHealthFix
FN:271,getQualityTrends
FN:276,compareSubtitles
FN:281,advancedSync
FN:300,autoSyncFile
FN:312,autoSyncBulk
FN:326,getNotificationTemplates
FN:331,createNotificationTemplate
FN:336,updateNotificationTemplate
FN:341,deleteNotificationTemplate
FN:345,previewNotificationTemplate
FN:350,getTemplateVariables
FN:356,getQuietHours
FN:361,createQuietHours
FN:366,updateQuietHours
FN:371,deleteQuietHours
FN:375,getNotificationHistory
FN:388,resendNotification
FN:393,getNotificationFilters
FN:398,updateNotificationFilters
FN:405,getCleanupStats
FN:410,startCleanupScan
FN:415,getCleanupScanStatus
FN:420,getDuplicates
FN:425,deleteDuplicates
FN:430,scanOrphaned
FN:435,getOrphanedFiles
FN:440,deleteOrphaned
FN:445,getCleanupRules
FN:450,createCleanupRule
FN:455,updateCleanupRule
FN:460,deleteCleanupRule
FN:464,runCleanupRule
FN:469,getCleanupHistory
FN:474,getCleanupPreview
FN:488,getWaveform
FN:500,extractAudio
FN:524,checkSpelling
FN:539,getSpellDictionaries
FN:558,extractOCR
FN:577,previewOCRFrame
FN:590,getBazarrMappingReport
FN:595,runCompatCheck
FN:608,runSingleCompatCheck
FN:621,getExtendedHealthAll
FN:626,exportIntegrationConfig
FN:637,exportIntegrationConfigZip
FN:650,getSyncEngines
FN:655,installSyncEngine
FN:660,startVideoSync
FN:670,getSyncJobStatus
FN:679,getVideoChapters
FN:688,overlapFix
FN:693,timingNormalize
FN:698,mergeLines
FN:703,splitLines
FN:708,spellCheck
FN:713,removeCredits
FN:732,detectOpeningEnding
FN:748,convertSubtitle
FN:760,extractWaveform
FN:767,computeSubtitleDiff
FN:780,applySubtitleDiff
FN:820,processSubtitle
FN:834,undoProcessSubtitle
FN:843,checkBakExists
FN:849,getInterjections
FN:855,putInterjections
FN:864,processSeries
FN:869,processLibraryAll
FN:878,updateSeriesProcessingConfig
FNF:109
FNH:1
FNDA:0,getBlacklist
FNDA:0,addToBlacklist
FNDA:0,removeFromBlacklist
FNDA:0,clearBlacklist
FNDA:0,getHistory
FNDA:0,getHistoryStats
FNDA:0,testNotification
FNDA:0,getNotificationStatus
FNDA:0,getLogs
FNDA:0,getWatchedFolders
FNDA:0,saveWatchedFolder
FNDA:0,deleteWatchedFolder
FNDA:0,getStandaloneSeries
FNDA:0,getStandaloneMovies
FNDA:0,triggerStandaloneScan
FNDA:0,getStandaloneStatus
FNDA:0,rescanSeries
FNDA:0,refreshSeriesMetadata
FNDA:0,getStatistics
FNDA:0,exportStatistics
FNDA:0,createFullBackup
FNDA:0,listFullBackups
FNDA:0,downloadFullBackupUrl
FNDA:0,restoreFullBackup
FNDA:0,getLogRotation
FNDA:0,updateLogRotation
FNDA:0,fetchSupportPreview
FNDA:0,downloadSupportBundle
FNDA:0,runSubtitleTool
FNDA:0,previewSubtitle
FNDA:0,getSubtitleContent
FNDA:0,saveSubtitleContent
FNDA:0,getSubtitleBackup
FNDA:0,validateSubtitle
FNDA:0,parseSubtitleCues
FNDA:0,getTasks
FNDA:0,runHealthCheck
FNDA:0,runHealthCheckBatch
FNDA:0,applyHealthFix
FNDA:0,getQualityTrends
FNDA:0,compareSubtitles
FNDA:0,advancedSync
FNDA:0,autoSyncFile
FNDA:0,autoSyncBulk
FNDA:0,getNotificationTemplates
FNDA:0,createNotificationTemplate
FNDA:0,updateNotificationTemplate
FNDA:0,deleteNotificationTemplate
FNDA:0,previewNotificationTemplate
FNDA:0,getTemplateVariables
FNDA:0,getQuietHours
FNDA:0,createQuietHours
FNDA:0,updateQuietHours
FNDA:0,deleteQuietHours
FNDA:0,getNotificationHistory
FNDA:0,resendNotification
FNDA:0,getNotificationFilters
FNDA:0,updateNotificationFilters
FNDA:0,getCleanupStats
FNDA:0,startCleanupScan
FNDA:0,getCleanupScanStatus
FNDA:0,getDuplicates
FNDA:0,deleteDuplicates
FNDA:0,scanOrphaned
FNDA:0,getOrphanedFiles
FNDA:0,deleteOrphaned
FNDA:0,getCleanupRules
FNDA:0,createCleanupRule
FNDA:0,updateCleanupRule
FNDA:0,deleteCleanupRule
FNDA:0,runCleanupRule
FNDA:0,getCleanupHistory
FNDA:0,getCleanupPreview
FNDA:0,getWaveform
FNDA:0,extractAudio
FNDA:0,checkSpelling
FNDA:0,getSpellDictionaries
FNDA:0,extractOCR
FNDA:0,previewOCRFrame
FNDA:0,getBazarrMappingReport
FNDA:0,runCompatCheck
FNDA:0,runSingleCompatCheck
FNDA:0,getExtendedHealthAll
FNDA:0,exportIntegrationConfig
FNDA:0,exportIntegrationConfigZip
FNDA:0,getSyncEngines
FNDA:0,installSyncEngine
FNDA:0,startVideoSync
FNDA:0,getSyncJobStatus
FNDA:0,getVideoChapters
FNDA:0,overlapFix
FNDA:0,timingNormalize
FNDA:0,mergeLines
FNDA:0,splitLines
FNDA:0,spellCheck
FNDA:0,removeCredits
FNDA:1,detectOpeningEnding
FNDA:0,convertSubtitle
FNDA:0,extractWaveform
FNDA:0,computeSubtitleDiff
FNDA:0,applySubtitleDiff
FNDA:0,processSubtitle
FNDA:0,undoProcessSubtitle
FNDA:0,checkBakExists
FNDA:0,getInterjections
FNDA:0,putInterjections
FNDA:0,processSeries
FNDA:0,processLibraryAll
FNDA:0,updateSeriesProcessingConfig
DA:21,0
DA:22,0
DA:29,0
DA:30,0
DA:34,0
DA:38,0
DA:39,0
DA:47,0
DA:48,0
DA:49,0
DA:50,0
DA:51,0
DA:55,0
DA:56,0
DA:62,0
DA:63,0
DA:64,0
DA:72,0
DA:73,0
DA:79,0
DA:80,0
DA:81,0
DA:82,0
DA:88,0
DA:89,0
DA:93,0
DA:94,0
DA:95,0
DA:97,0
DA:98,0
DA:102,0
DA:106,0
DA:107,0
DA:111,0
DA:112,0
DA:116,0
DA:117,0
DA:121,0
DA:122,0
DA:126,0
DA:127,0
DA:131,0
DA:137,0
DA:138,0
DA:142,0
DA:146,0
DA:152,0
DA:153,0
DA:157,0
DA:158,0
DA:162,0
DA:166,0
DA:167,0
DA:168,0
DA:171,0
DA:177,0
DA:178,0
DA:182,0
DA:183,0
DA:189,0
DA:190,0
DA:194,0
DA:195,0
DA:196,0
DA:198,0
DA:200,0
DA:201,0
DA:202,0
DA:203,0
DA:204,0
DA:205,0
DA:206,0
DA:207,0
DA:213,0
DA:214,0
DA:218,0
DA:219,0
DA:223,0
DA:224,0
DA:228,0
DA:229,0
DA:233,0
DA:234,0
DA:238,0
DA:239,0
DA:243,0
DA:244,0
DA:250,0
DA:251,0
DA:257,0
DA:258,0
DA:262,0
DA:263,0
DA:267,0
DA:268,0
DA:272,0
DA:273,0
DA:277,0
DA:278,0
DA:288,0
DA:295,0
DA:305,0
DA:306,0
DA:307,0
DA:308,0
DA:309,0
DA:317,0
DA:318,0
DA:319,0
DA:320,0
DA:321,0
DA:327,0
DA:328,0
DA:332,0
DA:333,0
DA:337,0
DA:338,0
DA:342,0
DA:346,0
DA:347,0
DA:351,0
DA:352,0
DA:353,0
DA:357,0
DA:358,0
DA:362,0
DA:363,0
DA:367,0
DA:368,0
DA:372,0
DA:382,0
DA:383,0
DA:384,0
DA:385,0
DA:389,0
DA:390,0
DA:394,0
DA:395,0
DA:399,0
DA:400,0
DA:406,0
DA:407,0
DA:411,0
DA:412,0
DA:416,0
DA:417,0
DA:421,0
DA:422,0
DA:426,0
DA:427,0
DA:431,0
DA:432,0
DA:436,0
DA:437,0
DA:441,0
DA:442,0
DA:446,0
DA:447,0
DA:451,0
DA:452,0
DA:456,0
DA:457,0
DA:461,0
DA:465,0
DA:466,0
DA:470,0
DA:471,0
DA:475,0
DA:476,0
DA:494,0
DA:495,0
DA:496,0
DA:497,0
DA:501,0
DA:502,0
DA:530,0
DA:536,0
DA:540,0
DA:541,0
DA:566,0
DA:574,0
DA:582,0
DA:583,0
DA:584,0
DA:585,0
DA:591,0
DA:592,0
DA:600,0
DA:605,0
DA:613,0
DA:618,0
DA:622,0
DA:623,0
DA:630,0
DA:634,0
DA:641,0
DA:645,0
DA:651,0
DA:652,0
DA:656,0
DA:657,0
DA:666,0
DA:667,0
DA:675,0
DA:676,0
DA:680,0
DA:683,0
DA:689,0
DA:690,0
DA:694,0
DA:695,0
DA:699,0
DA:700,0
DA:704,0
DA:705,0
DA:709,0
DA:710,0
DA:725,0
DA:729,0
DA:742,1
DA:743,1
DA:754,0
DA:755,0
DA:761,0
DA:762,0
DA:771,0
DA:772,0
DA:773,0
DA:775,0
DA:776,0
DA:786,0
DA:787,0
DA:791,0
DA:793,0
DA:794,0
DA:825,0
DA:830,0
DA:831,0
DA:835,0
DA:840,0
DA:844,0
DA:845,0
DA:846,0
DA:850,0
DA:851,0
DA:852,0
DA:856,0
DA:861,0
DA:865,0
DA:866,0
DA:870,0
DA:875,0
DA:882,0
DA:887,0
LF:254
LH:2
BRDA:20,0,0,0
BRDA:20,1,0,0
BRDA:45,2,0,0
BRDA:45,3,0,0
BRDA:48,4,0,0
BRDA:48,4,1,0
BRDA:49,5,0,0
BRDA:49,5,1,0
BRDA:62,6,0,0
BRDA:62,6,1,0
BRDA:78,7,0,0
BRDA:80,8,0,0
BRDA:80,8,1,0
BRDA:93,9,0,0
BRDA:93,9,1,0
BRDA:198,10,0,0
BRDA:198,10,1,0
BRDA:292,11,0,0
BRDA:292,11,1,0
BRDA:293,12,0,0
BRDA:293,12,1,0
BRDA:306,13,0,0
BRDA:306,13,1,0
BRDA:307,14,0,0
BRDA:307,14,1,0
BRDA:318,15,0,0
BRDA:318,15,1,0
BRDA:319,16,0,0
BRDA:319,16,1,0
BRDA:351,17,0,0
BRDA:351,17,1,0
BRDA:375,18,0,0
BRDA:383,19,0,0
BRDA:383,19,1,0
BRDA:420,20,0,0
BRDA:420,21,0,0
BRDA:469,22,0,0
BRDA:469,23,0,0
BRDA:491,24,0,0
BRDA:492,25,0,0
BRDA:495,26,0,0
BRDA:495,26,1,0
BRDA:527,27,0,0
BRDA:561,28,0,0
BRDA:564,29,0,0
BRDA:583,30,0,0
BRDA:583,30,1,0
BRDA:693,31,0,0
BRDA:693,32,0,0
BRDA:698,33,0,0
BRDA:703,34,0,0
BRDA:708,35,0,0
BRDA:715,36,0,0
BRDA:776,37,0,0
BRDA:776,37,1,0
BRDA:794,38,0,0
BRDA:794,38,1,0
BRDA:823,39,0,0
BRDA:830,40,0,0
BRDA:830,40,1,0
BRDA:830,41,0,0
BRDA:830,41,1,0
BRDA:840,42,0,0
BRDA:840,42,1,0
BRDA:840,43,0,0
BRDA:840,43,1,0
BRDA:845,44,0,0
BRDA:845,44,1,0
BRDA:851,45,0,0
BRDA:851,45,1,0
BRDA:851,46,0,0
BRDA:851,46,1,0
BRDA:861,47,0,0
BRDA:861,47,1,0
BRDA:861,48,0,0
BRDA:861,48,1,0
BRDA:866,49,0,0
BRDA:866,49,1,0
BRDA:866,50,0,0
BRDA:866,50,1,0
BRDA:869,51,0,0
BRDA:875,52,0,0
BRDA:875,52,1,0
BRDA:875,53,0,0
BRDA:875,53,1,0
BRDA:887,54,0,0
BRDA:887,54,1,0
BRF:87
BRH:0
end_of_record
TN:
SF:src\api\translation.ts
FN:6,translateFile
FN:11,translateSync
FN:16,disableTranslation
FN:23,getBackends
FN:28,testBackend
FN:33,getBackendConfig
FN:38,saveBackendConfig
FN:42,getBackendStats
FN:47,ollamaPullModel
FN:62,getBackendTemplates
FN:74,getTranslationMemoryStats
FN:79,clearTranslationMemoryCache
FN:86,getRetranslateStatus
FN:91,retranslateSingle
FN:96,retranslateBatch
FN:123,getGlossaryEntries
FN:131,createGlossaryEntry
FN:136,updateGlossaryEntry
FN:141,deleteGlossaryEntry
FN:145,suggestGlossaryTerms
FN:153,exportGlossaryTsv
FN:174,getPromptPresets
FN:179,getDefaultPromptPreset
FN:184,createPromptPreset
FN:189,updatePromptPreset
FN:194,deletePromptPreset
FNF:26
FNH:0
FNDA:0,translateFile
FNDA:0,translateSync
FNDA:0,disableTranslation
FNDA:0,getBackends
FNDA:0,testBackend
FNDA:0,getBackendConfig
FNDA:0,saveBackendConfig
FNDA:0,getBackendStats
FNDA:0,ollamaPullModel
FNDA:0,getBackendTemplates
FNDA:0,getTranslationMemoryStats
FNDA:0,clearTranslationMemoryCache
FNDA:0,getRetranslateStatus
FNDA:0,retranslateSingle
FNDA:0,retranslateBatch
FNDA:0,getGlossaryEntries
FNDA:0,createGlossaryEntry
FNDA:0,updateGlossaryEntry
FNDA:0,deleteGlossaryEntry
FNDA:0,suggestGlossaryTerms
FNDA:0,exportGlossaryTsv
FNDA:0,getPromptPresets
FNDA:0,getDefaultPromptPreset
FNDA:0,createPromptPreset
FNDA:0,updatePromptPreset
FNDA:0,deletePromptPreset
DA:7,0
DA:8,0
DA:12,0
DA:13,0
DA:17,0
DA:18,0
DA:24,0
DA:25,0
DA:29,0
DA:30,0
DA:34,0
DA:35,0
DA:39,0
DA:43,0
DA:44,0
DA:48,0
DA:49,0
DA:63,0
DA:64,0
DA:75,0
DA:76,0
DA:80,0
DA:81,0
DA:87,0
DA:88,0
DA:92,0
DA:93,0
DA:97,0
DA:98,0
DA:124,0
DA:125,0
DA:126,0
DA:127,0
DA:128,0
DA:132,0
DA:133,0
DA:137,0
DA:138,0
DA:142,0
DA:149,0
DA:150,0
DA:154,0
DA:155,0
DA:156,0
DA:160,0
DA:175,0
DA:176,0
DA:180,0
DA:181,0
DA:185,0
DA:186,0
DA:190,0
DA:191,0
DA:195,0
LF:54
LH:0
BRDA:6,0,0,0
BRDA:11,1,0,0
BRDA:125,2,0,0
BRDA:125,2,1,0
BRDA:126,3,0,0
BRDA:126,3,1,0
BRDA:149,4,0,0
BRDA:149,4,1,0
BRDA:155,5,0,0
BRDA:155,5,1,0
BRF:10
BRH:0
end_of_record
TN:
SF:src\api\wanted.ts
FN:6,getJobs
FN:13,getJobStatus
FN:18,retryJob
FN:25,getWantedItems
FN:43,getWantedSummary
FN:48,refreshWanted
FN:54,updateWantedItemStatus
FN:59,deleteWantedItem
FN:64,searchWantedItem
FN:69,processWantedItem
FN:74,extractEmbeddedSub
FN:79,startWantedBatchSearch
FN:88,batchExtractEmbedded
FN:104,batchTranslate
FN:121,getBatchExtractStatus
FN:133,cleanupSidecars
FN:144,startSeriesBatchSearch
FN:151,getWantedBatchStatus
FN:156,searchAllWanted
FN:172,getBatchProbeStatus
FN:177,startBatchProbe
FN:193,getScannerStatus
FN:200,startBatch
FN:205,getBatchStatus
FN:212,searchGlobal
FN:217,getFilterPresets
FN:222,createFilterPreset
FN:227,updateFilterPreset
FN:232,deleteFilterPreset
FN:236,batchAction
FNF:30
FNH:0
FNDA:0,getJobs
FNDA:0,getJobStatus
FNDA:0,retryJob
FNDA:0,getWantedItems
FNDA:0,getWantedSummary
FNDA:0,refreshWanted
FNDA:0,updateWantedItemStatus
FNDA:0,deleteWantedItem
FNDA:0,searchWantedItem
FNDA:0,processWantedItem
FNDA:0,extractEmbeddedSub
FNDA:0,startWantedBatchSearch
FNDA:0,batchExtractEmbedded
FNDA:0,batchTranslate
FNDA:0,getBatchExtractStatus
FNDA:0,cleanupSidecars
FNDA:0,startSeriesBatchSearch
FNDA:0,getWantedBatchStatus
FNDA:0,searchAllWanted
FNDA:0,getBatchProbeStatus
FNDA:0,startBatchProbe
FNDA:0,getScannerStatus
FNDA:0,startBatch
FNDA:0,getBatchStatus
FNDA:0,searchGlobal
FNDA:0,getFilterPresets
FNDA:0,createFilterPreset
FNDA:0,updateFilterPreset
FNDA:0,deleteFilterPreset
FNDA:0,batchAction
DA:7,0
DA:8,0
DA:9,0
DA:10,0
DA:14,0
DA:15,0
DA:19,0
DA:20,0
DA:30,0
DA:31,0
DA:32,0
DA:33,0
DA:34,0
DA:35,0
DA:36,0
DA:37,0
DA:38,0
DA:39,0
DA:40,0
DA:44,0
DA:45,0
DA:49,0
DA:50,0
DA:51,0
DA:55,0
DA:56,0
DA:60,0
DA:61,0
DA:65,0
DA:66,0
DA:70,0
DA:71,0
DA:75,0
DA:76,0
DA:80,0
DA:81,0
DA:82,0
DA:83,0
DA:84,0
DA:93,0
DA:94,0
DA:95,0
DA:97,0
DA:99,0
DA:100,0
DA:107,0
DA:108,0
DA:122,0
DA:123,0
DA:137,0
DA:138,0
DA:139,0
DA:140,0
DA:147,0
DA:148,0
DA:152,0
DA:153,0
DA:157,0
DA:158,0
DA:173,0
DA:174,0
DA:178,0
DA:179,0
DA:180,0
DA:181,0
DA:194,0
DA:195,0
DA:201,0
DA:202,0
DA:206,0
DA:207,0
DA:213,0
DA:214,0
DA:218,0
DA:219,0
DA:223,0
DA:224,0
DA:228,0
DA:229,0
DA:233,0
DA:237,0
DA:238,0
LF:82
LH:0
BRDA:6,0,0,0
BRDA:6,1,0,0
BRDA:8,2,0,0
BRDA:8,2,1,0
BRDA:26,3,0,0
BRDA:26,4,0,0
BRDA:31,5,0,0
BRDA:31,5,1,0
BRDA:32,6,0,0
BRDA:32,6,1,0
BRDA:33,7,0,0
BRDA:33,7,1,0
BRDA:34,8,0,0
BRDA:34,8,1,0
BRDA:35,9,0,0
BRDA:35,9,1,0
BRDA:36,10,0,0
BRDA:36,10,1,0
BRDA:37,11,0,0
BRDA:37,11,1,0
BRDA:38,12,0,0
BRDA:38,12,1,0
BRDA:49,13,0,0
BRDA:49,13,1,0
BRDA:81,14,0,0
BRDA:81,14,1,0
BRDA:82,15,0,0
BRDA:82,15,1,0
BRDA:90,16,0,0
BRDA:94,17,0,0
BRDA:94,17,1,0
BRDA:135,18,0,0
BRDA:138,19,0,0
BRDA:138,19,1,0
BRDA:179,20,0,0
BRDA:179,20,1,0
BRDA:200,21,0,0
BRDA:200,22,0,0
BRDA:212,23,0,0
BRF:39
BRH:0
end_of_record
TN:
SF:src\components\activity\TranslationsTab.tsx
FN:9,TranslationJobRow
FN:38,TranslationsTab
FN:118,(anonymous_2)
FN:144,(anonymous_3)
FNF:4
FNH:0
FNDA:0,TranslationJobRow
FNDA:0,TranslationsTab
FNDA:0,(anonymous_2)
FNDA:0,(anonymous_3)
DA:9,0
DA:16,0
DA:39,0
DA:40,0
DA:41,0
DA:42,0
DA:45,0
DA:49,0
DA:119,0
DA:145,0
LF:10
LH:0
BRDA:18,0,0,0
BRDA:18,0,1,0
BRDA:45,1,0,0
BRDA:45,1,1,0
BRDA:45,1,2,0
BRDA:47,2,0,0
BRDA:47,2,1,0
BRDA:52,3,0,0
BRDA:52,3,1,0
BRDA:92,4,0,0
BRDA:92,4,1,0
BRDA:113,5,0,0
BRDA:113,5,1,0
BRDA:117,6,0,0
BRDA:117,6,1,0
BRDA:139,7,0,0
BRDA:139,7,1,0
BRDA:143,8,0,0
BRDA:143,8,1,0
BRDA:156,9,0,0
BRDA:156,9,1,0
BRF:21
BRH:0
end_of_record
TN:
SF:src\components\auth\AuthGuard.tsx
FN:9,AuthGuard
FNF:1
FNH:1
FNDA:3,AuthGuard
DA:10,3
DA:11,3
DA:18,3
DA:20,0
DA:21,0
DA:23,0
DA:24,0
DA:27,0
LF:8
LH:3
BRDA:18,0,0,3
BRDA:18,0,1,0
BRDA:20,1,0,0
BRDA:20,1,1,0
BRDA:20,2,0,0
BRDA:20,2,1,0
BRDA:23,3,0,0
BRDA:23,3,1,0
BRDA:23,4,0,0
BRDA:23,4,1,0
BRDA:23,4,2,0
BRF:11
BRH:1
end_of_record
TN:
SF:src\components\batch\BatchActionBar.tsx
FN:38,BatchActionBar
FN:39,(anonymous_1)
FN:40,(anonymous_2)
FN:41,(anonymous_3)
FN:48,(anonymous_4)
FN:49,(anonymous_5)
FN:56,(anonymous_6)
FN:74,(anonymous_7)
FN:99,(anonymous_8)
FN:104,(anonymous_9)
FN:113,(anonymous_10)
FN:116,(anonymous_11)
FN:135,(anonymous_12)
FNF:13
FNH:0
FNDA:0,BatchActionBar
FNDA:0,(anonymous_1)
FNDA:0,(anonymous_2)
FNDA:0,(anonymous_3)
FNDA:0,(anonymous_4)
FNDA:0,(anonymous_5)
FNDA:0,(anonymous_6)
FNDA:0,(anonymous_7)
FNDA:0,(anonymous_8)
FNDA:0,(anonymous_9)
FNDA:0,(anonymous_10)
FNDA:0,(anonymous_11)
FNDA:0,(anonymous_12)
DA:29,1
DA:39,0
DA:40,0
DA:41,0
DA:42,0
DA:43,0
DA:44,0
DA:45,0
DA:48,0
DA:49,0
DA:50,0
DA:54,0
DA:56,0
DA:57,0
DA:58,0
DA:60,0
DA:61,0
DA:62,0
DA:63,0
DA:64,0
DA:66,0
DA:68,0
DA:70,0
DA:71,0
DA:72,0
DA:73,0
DA:74,0
DA:75,0
DA:76,0
DA:78,0
DA:80,0
DA:82,0
DA:84,0
DA:85,0
DA:86,0
DA:87,0
DA:88,0
DA:89,0
DA:90,0
DA:91,0
DA:92,0
DA:93,0
DA:94,0
DA:97,0
DA:98,0
DA:99,0
DA:100,0
DA:101,0
DA:104,0
DA:106,0
DA:114,0
DA:116,0
DA:135,0
LF:53
LH:1
BRDA:38,0,0,0
BRDA:50,1,0,0
BRDA:50,1,1,0
BRDA:54,2,0,0
BRDA:54,2,1,0
BRDA:58,3,0,0
BRDA:58,3,1,0
BRDA:60,4,0,0
BRDA:60,4,1,0
BRDA:70,5,0,0
BRDA:70,5,1,0
BRDA:82,6,0,0
BRDA:82,6,1,0
BRDA:117,7,0,0
BRDA:117,7,1,0
BRDA:119,8,0,0
BRDA:119,8,1,0
BRDA:129,9,0,0
BRDA:129,9,1,0
BRF:19
BRH:0
end_of_record
TN:
SF:src\components\charts\DownloadChart.tsx
FN:15,DownloadChart
FN:44,(anonymous_1)
FNF:2
FNH:0
FNDA:0,DownloadChart
FNDA:0,(anonymous_1)
DA:16,0
DA:17,0
DA:24,0
DA:45,0
DA:46,0
DA:47,0
DA:48,0
LF:7
LH:0
BRDA:16,0,0,0
BRDA:16,0,1,0
BRDA:45,1,0,0
BRDA:45,1,1,0
BRDA:47,2,0,0
BRDA:47,2,1,0
BRF:6
BRH:0
end_of_record
TN:
SF:src\components\charts\FormatChart.tsx
FN:18,FormatChart
FN:19,(anonymous_1)
FN:21,(anonymous_2)
FN:22,(anonymous_3)
FN:26,(anonymous_4)
FN:36,(anonymous_5)
FN:58,(anonymous_6)
FNF:7
FNH:0
FNDA:0,FormatChart
FNDA:0,(anonymous_1)
FNDA:0,(anonymous_2)
FNDA:0,(anonymous_3)
FNDA:0,(anonymous_4)
FNDA:0,(anonymous_5)
FNDA:0,(anonymous_6)
DA:11,0
DA:16,0
DA:19,0
DA:20,0
DA:21,0
DA:22,0
DA:26,0
DA:28,0
DA:29,0
DA:36,0
DA:37,0
DA:38,0
DA:39,0
DA:40,0
DA:43,0
DA:59,0
LF:16
LH:0
BRDA:28,0,0,0
BRDA:28,0,1,0
BRDA:37,1,0,0
BRDA:37,1,1,0
BRDA:38,2,0,0
BRDA:38,2,1,0
BRDA:39,3,0,0
BRDA:39,3,1,0
BRDA:61,4,0,0
BRDA:61,4,1,0
BRF:10
BRH:0
end_of_record
TN:
SF:src\components\charts\ProviderChart.tsx
FN:11,ProviderChart
FN:12,(anonymous_1)
FN:13,(anonymous_2)
FNF:3
FNH:0
FNDA:0,ProviderChart
FNDA:0,(anonymous_1)
FNDA:0,(anonymous_2)
DA:12,0
DA:13,0
DA:21,0
DA:22,0
DA:29,0
LF:5
LH:0
BRDA:21,0,0,0
BRDA:21,0,1,0
BRF:2
BRH:0
end_of_record
TN:
SF:src\components\charts\ProviderSuccessChart.tsx
FN:16,ProviderSuccessChart
FN:42,(anonymous_1)
FNF:2
FNH:0
FNDA:0,ProviderSuccessChart
FNDA:0,(anonymous_1)
DA:17,0
DA:18,0
DA:28,0
DA:43,0
DA:44,0
DA:45,0
DA:46,0
DA:47,0
DA:48,0
DA:49,0
DA:51,0
LF:11
LH:0
BRDA:16,0,0,0
BRDA:17,1,0,0
BRDA:17,1,1,0
BRDA:43,2,0,0
BRDA:43,2,1,0
BRDA:44,3,0,0
BRDA:44,3,1,0
BRDA:46,4,0,0
BRDA:46,4,1,0
BRDA:48,5,0,0
BRDA:48,5,1,0
BRDA:49,6,0,0
BRDA:49,6,1,0
BRF:13
BRH:0
end_of_record
TN:
SF:src\components\charts\QualityTrendChart.tsx
FN:11,QualityTrendChart
FN:31,(anonymous_1)
FN:56,(anonymous_2)
FNF:3
FNH:0
FNDA:0,QualityTrendChart
FNDA:0,(anonymous_1)
FNDA:0,(anonymous_2)
DA:12,0
DA:13,0
DA:23,0
DA:32,0
DA:33,0
DA:57,0
DA:58,0
DA:59,0
DA:60,0
LF:9
LH:0
BRDA:11,0,0,0
BRDA:12,1,0,0
BRDA:12,1,1,0
BRDA:57,2,0,0
BRDA:57,2,1,0
BRDA:58,3,0,0
BRDA:58,3,1,0
BRDA:59,4,0,0
BRDA:59,4,1,0
BRF:9
BRH:0
end_of_record
TN:
SF:src\components\charts\TranslationChart.tsx
FN:11,TranslationChart
FN:12,(anonymous_1)
FN:14,(anonymous_2)
FNF:3
FNH:0
FNDA:0,TranslationChart
FNDA:0,(anonymous_1)
FNDA:0,(anonymous_2)
DA:12,0
DA:14,0
DA:15,0
DA:16,0
DA:19,0
LF:5
LH:0
BRF:0
BRH:0
end_of_record
TN:
SF:src\components\cleanup\CleanupPreview.tsx
FN:19,formatBytes
FN:27,CleanupPreview
FN:58,(anonymous_2)
FNF:3
FNH:0
FNDA:0,formatBytes
FNDA:0,CleanupPreview
FNDA:0,(anonymous_2)
DA:20,0
DA:21,0
DA:22,0
DA:23,0
DA:24,0
DA:28,0
DA:30,0
DA:59,0
LF:8
LH:0
BRDA:20,0,0,0
BRDA:20,0,1,0
BRDA:24,1,0,0
BRDA:24,1,1,0
BRDA:27,2,0,0
BRDA:67,3,0,0
BRDA:67,3,1,0
BRDA:68,4,0,0
BRDA:68,4,1,0
BRDA:99,5,0,0
BRDA:99,5,1,0
BRF:11
BRH:0
end_of_record
TN:
SF:src\components\cleanup\DedupGroupList.tsx
FN:20,formatBytes
FN:29,truncatePath
FN:44,DedupGroupList
FN:48,(anonymous_3)
FN:54,(anonymous_4)
FN:61,(anonymous_5)
FN:62,(anonymous_6)
FN:66,(anonymous_7)
FN:71,(anonymous_8)
FN:72,(anonymous_9)
FN:86,(anonymous_10)
FN:87,(anonymous_11)
FN:94,(anonymous_12)
FN:96,(anonymous_13)
FN:97,(anonymous_14)
FN:109,(anonymous_15)
FN:110,(anonymous_16)
FN:145,(anonymous_17)
FN:147,(anonymous_18)
FN:168,(anonymous_19)
FN:187,(anonymous_20)
FN:201,(anonymous_21)
FNF:22
FNH:0
FNDA:0,formatBytes
FNDA:0,truncatePath
FNDA:0,DedupGroupList
FNDA:0,(anonymous_3)
FNDA:0,(anonymous_4)
FNDA:0,(anonymous_5)
FNDA:0,(anonymous_6)
FNDA:0,(anonymous_7)
FNDA:0,(anonymous_8)
FNDA:0,(anonymous_9)
FNDA:0,(anonymous_10)
FNDA:0,(anonymous_11)
FNDA:0,(anonymous_12)
FNDA:0,(anonymous_13)
FNDA:0,(anonymous_14)
FNDA:0,(anonymous_15)
FNDA:0,(anonymous_16)
FNDA:0,(anonymous_17)
FNDA:0,(anonymous_18)
FNDA:0,(anonymous_19)
FNDA:0,(anonymous_20)
FNDA:0,(anonymous_21)
DA:21,0
DA:22,0
DA:23,0
DA:24,0
DA:25,0
DA:30,0
DA:31,0
DA:32,0
DA:33,0
DA:34,0
DA:35,0
DA:36,0
DA:45,0
DA:48,0
DA:49,0
DA:50,0
DA:51,0
DA:52,0
DA:54,0
DA:58,0
DA:61,0
DA:62,0
DA:66,0
DA:71,0
DA:72,0
DA:73,0
DA:74,0
DA:75,0
DA:76,0
DA:77,0
DA:79,0
DA:81,0
DA:86,0
DA:87,0
DA:88,0
DA:89,0
DA:90,0
DA:94,0
DA:95,0
DA:96,0
DA:98,0
DA:99,0
DA:104,0
DA:105,0
DA:109,0
DA:110,0
DA:113,0
DA:114,0
DA:124,0
DA:146,0
DA:147,0
DA:149,0
DA:169,0
DA:170,0
DA:172,0
DA:187,0
DA:201,0
LF:57
LH:0
BRDA:21,0,0,0
BRDA:21,0,1,0
BRDA:25,1,0,0
BRDA:25,1,1,0
BRDA:29,2,0,0
BRDA:30,3,0,0
BRDA:30,3,1,0
BRDA:33,4,0,0
BRDA:33,4,1,0
BRDA:44,5,0,0
BRDA:51,6,0,0
BRDA:51,6,1,0
BRDA:74,7,0,0
BRDA:74,7,1,0
BRDA:76,8,0,0
BRDA:76,8,1,0
BRDA:88,9,0,0
BRDA:88,9,1,0
BRDA:90,10,0,0
BRDA:90,10,1,0
BRDA:90,10,2,0
BRDA:96,11,0,0
BRDA:96,11,1,0
BRDA:104,12,0,0
BRDA:104,12,1,0
BRDA:113,13,0,0
BRDA:113,13,1,0
BRDA:133,14,0,0
BRDA:133,14,1,0
BRDA:133,14,2,0
BRDA:138,15,0,0
BRDA:138,15,1,0
BRDA:170,16,0,0
BRDA:170,16,1,0
BRDA:177,17,0,0
BRDA:177,17,1,0
BRDA:177,18,0,0
BRDA:177,18,1,0
BRDA:178,19,0,0
BRDA:178,19,1,0
BRDA:190,20,0,0
BRDA:190,20,1,0
BRDA:191,21,0,0
BRDA:191,21,1,0
BRDA:196,22,0,0
BRDA:196,22,1,0
BRDA:204,23,0,0
BRDA:204,23,1,0
BRDA:210,24,0,0
BRDA:210,24,1,0
BRDA:235,25,0,0
BRDA:235,25,1,0
BRF:52
BRH:0
end_of_record
TN:
SF:src\components\cleanup\DiskSpaceWidget.tsx
FN:16,DiskSpaceWidget
FN:19,(anonymous_1)
FN:33,(anonymous_2)
FN:85,(anonymous_3)
FN:90,(anonymous_4)
FN:109,(anonymous_5)
FN:136,(anonymous_6)
FN:181,(anonymous_7)
FN:206,StatBox
FNF:9
FNH:0
FNDA:0,DiskSpaceWidget
FNDA:0,(anonymous_1)
FNDA:0,(anonymous_2)
FNDA:0,(anonymous_3)
FNDA:0,(anonymous_4)
FNDA:0,(anonymous_5)
FNDA:0,(anonymous_6)
FNDA:0,(anonymous_7)
FNDA:0,StatBox
DA:17,0
DA:19,0
DA:25,0
DA:33,0
DA:38,0
DA:86,0
DA:90,0
DA:110,0
DA:136,0
DA:181,0
DA:207,0
LF:11
LH:0
BRDA:19,0,0,0
BRDA:19,0,1,0
BRDA:33,1,0,0
BRDA:33,1,1,0
BRDA:71,2,0,0
BRDA:71,2,1,0
BRDA:90,3,0,0
BRDA:90,3,1,0
BRDA:137,4,0,0
BRDA:137,4,1,0
BRDA:138,5,0,0
BRDA:138,5,1,0
BRDA:175,6,0,0
BRDA:175,6,1,0
BRDA:181,7,0,0
BRDA:181,7,1,0
BRDA:214,8,0,0
BRDA:214,8,1,0
BRF:18
BRH:0
end_of_record
TN:
SF:src\components\comparison\ComparisonPanel.tsx
FN:23,ComparisonPanel
FN:28,(anonymous_1)
FN:39,(anonymous_2)
FN:41,(anonymous_3)
FN:48,(anonymous_4)
FNF:5
FNH:0
FNDA:0,ComparisonPanel
FNDA:0,(anonymous_1)
FNDA:0,(anonymous_2)
FNDA:0,(anonymous_3)
FNDA:0,(anonymous_4)
DA:24,0
DA:26,0
DA:28,0
DA:29,0
DA:30,0
DA:31,0
DA:32,0
DA:33,0
DA:34,0
DA:35,0
DA:39,0
DA:40,0
DA:42,0
DA:43,0
DA:48,0
DA:49,0
DA:59,0
LF:17
LH:0
BRDA:26,0,0,0
BRDA:26,0,1,0
BRDA:29,1,0,0
BRDA:29,1,1,0
BRDA:29,2,0,0
BRDA:29,2,1,0
BRDA:33,3,0,0
BRDA:33,3,1,0
BRDA:76,4,0,0
BRDA:76,4,1,0
BRDA:77,5,0,0
BRDA:77,5,1,0
BRF:12
BRH:0
end_of_record
TN:
SF:src\components\comparison\ComparisonSelector.tsx
FN:23,ComparisonSelector
FN:31,(anonymous_1)
FN:32,(anonymous_2)
FN:68,(anonymous_3)
FN:73,(anonymous_4)
FN:117,(anonymous_5)
FNF:6
FNH:0
FNDA:0,ComparisonSelector
FNDA:0,(anonymous_1)
FNDA:0,(anonymous_2)
FNDA:0,(anonymous_3)
FNDA:0,(anonymous_4)
FNDA:0,(anonymous_5)
DA:29,0
DA:31,0
DA:32,0
DA:33,0
DA:34,0
DA:35,0
DA:36,0
DA:37,0
DA:39,0
DA:43,0
DA:45,0
DA:69,0
DA:70,0
DA:73,0
DA:117,0
LF:15
LH:0
BRDA:27,0,0,0
BRDA:34,1,0,0
BRDA:34,1,1,0
BRDA:36,2,0,0
BRDA:36,2,1,0
BRDA:43,3,0,0
BRDA:43,3,1,0
BRDA:76,4,0,0
BRDA:76,4,1,0
BRDA:77,5,0,0
BRDA:77,5,1,0
BRDA:78,6,0,0
BRDA:78,6,1,0
BRDA:84,7,0,0
BRDA:84,7,1,0
BRDA:85,8,0,0
BRDA:85,8,1,0
BRDA:88,9,0,0
BRDA:88,9,1,0
BRDA:95,10,0,0
BRDA:95,10,1,0
BRDA:107,11,0,0
BRDA:107,11,1,0
BRDA:117,12,0,0
BRDA:117,12,1,0
BRDA:122,13,0,0
BRDA:122,13,1,0
BRDA:123,14,0,0
BRDA:123,14,1,0
BRF:29
BRH:0
end_of_record
TN:
SF:src\components\comparison\SubtitleComparison.tsx
FN:18,SubtitleComparison
FN:24,(anonymous_1)
FN:32,(anonymous_2)
FN:40,(anonymous_3)
FN:44,(anonymous_4)
FN:87,(anonymous_5)
FN:106,(anonymous_6)
FN:125,ComparisonHeader
FN:155,(anonymous_8)
FN:159,(anonymous_9)
FNF:10
FNH:0
FNDA:0,SubtitleComparison
FNDA:0,(anonymous_1)
FNDA:0,(anonymous_2)
FNDA:0,(anonymous_3)
FNDA:0,(anonymous_4)
FNDA:0,(anonymous_5)
FNDA:0,(anonymous_6)
FNDA:0,ComparisonHeader
FNDA:0,(anonymous_8)
FNDA:0,(anonymous_9)
DA:19,0
DA:20,0
DA:21,0
DA:24,0
DA:25,0
DA:26,0
DA:32,0
DA:34,0
DA:36,0
DA:37,0
DA:40,0
DA:41,0
DA:44,0
DA:45,0
DA:50,0
DA:51,0
DA:55,0
DA:60,0
DA:61,0
DA:76,0
DA:77,0
DA:87,0
DA:102,0
DA:108,0
DA:109,0
DA:132,0
DA:156,0
DA:157,0
DA:160,0
DA:161,0
LF:30
LH:0
BRDA:25,0,0,0
BRDA:25,0,1,0
BRDA:34,1,0,0
BRDA:34,1,1,0
BRDA:36,2,0,0
BRDA:36,2,1,0
BRDA:50,3,0,0
BRDA:50,3,1,0
BRDA:55,4,0,0
BRDA:55,4,1,0
BRDA:60,5,0,0
BRDA:60,5,1,0
BRDA:76,6,0,0
BRDA:76,6,1,0
BRDA:108,7,0,0
BRDA:108,7,1,0
BRDA:143,8,0,0
BRDA:143,8,1,0
BRDA:149,9,0,0
BRDA:149,9,1,0
BRF:20
BRH:0
end_of_record
TN:
SF:src\components\dashboard\AutomationBanner.tsx
FN:24,StatCell
FN:63,AutomationBanner
FN:165,(anonymous_2)
FN:184,(anonymous_3)
FNF:4
FNH:4
FNDA:30,StatCell
FNDA:10,AutomationBanner
FNDA:1,(anonymous_2)
FNDA:1,(anonymous_3)
DA:25,30
DA:64,10
DA:65,10
DA:66,10
DA:67,10
DA:68,10
DA:70,10
DA:72,10
DA:73,10
DA:74,10
DA:76,10
DA:77,10
DA:81,10
DA:184,1
LF:14
LH:14
BRDA:40,0,0,30
BRDA:40,0,1,10
BRDA:70,1,0,10
BRDA:70,1,1,10
BRDA:72,2,0,10
BRDA:72,2,1,0
BRDA:73,3,0,10
BRDA:73,3,1,0
BRDA:74,4,0,10
BRDA:74,4,1,0
BRDA:76,5,0,10
BRDA:76,5,1,10
BRDA:76,5,2,10
BRDA:77,6,0,0
BRDA:77,6,1,10
BRDA:104,7,0,10
BRDA:104,7,1,0
BRDA:111,8,0,0
BRDA:111,8,1,10
BRDA:112,9,0,0
BRDA:112,9,1,10
BRDA:113,10,0,0
BRDA:113,10,1,10
BRDA:157,11,0,10
BRDA:157,11,1,0
BRDA:194,12,0,0
BRDA:194,12,1,10
BRDA:195,13,0,0
BRDA:195,13,1,10
BRF:29
BRH:18
end_of_record
TN:
SF:src\components\dashboard\DashboardGrid.tsx
FN:27,WidgetSkeleton
FN:39,DashboardGrid
FN:46,(anonymous_2)
FN:47,(anonymous_3)
FN:48,(anonymous_4)
FN:49,(anonymous_5)
FN:52,(anonymous_6)
FN:53,(anonymous_7)
FN:58,(anonymous_8)
FN:65,(anonymous_9)
FN:66,(anonymous_10)
FN:68,(anonymous_11)
FN:68,(anonymous_12)
FN:69,(anonymous_13)
FN:69,(anonymous_14)
FN:73,(anonymous_15)
FN:74,(anonymous_16)
FN:87,(anonymous_17)
FN:91,(anonymous_18)
FN:146,(anonymous_19)
FN:146,(anonymous_20)
FN:171,(anonymous_21)
FN:178,(anonymous_22)
FNF:23
FNH:0
FNDA:0,WidgetSkeleton
FNDA:0,DashboardGrid
FNDA:0,(anonymous_2)
FNDA:0,(anonymous_3)
FNDA:0,(anonymous_4)
FNDA:0,(anonymous_5)
FNDA:0,(anonymous_6)
FNDA:0,(anonymous_7)
FNDA:0,(anonymous_8)
FNDA:0,(anonymous_9)
FNDA:0,(anonymous_10)
FNDA:0,(anonymous_11)
FNDA:0,(anonymous_12)
FNDA:0,(anonymous_13)
FNDA:0,(anonymous_14)
FNDA:0,(anonymous_15)
FNDA:0,(anonymous_16)
FNDA:0,(anonymous_17)
FNDA:0,(anonymous_18)
FNDA:0,(anonymous_19)
FNDA:0,(anonymous_20)
FNDA:0,(anonymous_21)
FNDA:0,(anonymous_22)
DA:22,0
DA:23,0
DA:24,0
DA:28,0
DA:40,0
DA:41,0
DA:42,0
DA:46,0
DA:47,0
DA:48,0
DA:49,0
DA:52,0
DA:53,0
DA:58,0
DA:59,0
DA:60,0
DA:61,0
DA:62,0
DA:63,0
DA:65,0
DA:66,0
DA:67,0
DA:68,0
DA:69,0
DA:71,0
DA:73,0
DA:74,0
DA:78,0
DA:85,0
DA:87,0
DA:88,0
DA:91,0
DA:93,0
DA:94,0
DA:96,0
DA:97,0
DA:98,0
DA:99,0
DA:102,0
DA:108,0
DA:110,0
DA:111,0
DA:118,0
DA:119,0
DA:141,0
DA:146,0
DA:172,0
DA:173,0
DA:178,0
LF:49
LH:0
BRDA:63,0,0,0
BRDA:63,0,1,0
BRDA:63,1,0,0
BRDA:63,1,1,0
BRDA:93,2,0,0
BRDA:93,2,1,0
BRDA:98,3,0,0
BRDA:98,3,1,0
BRDA:110,4,0,0
BRDA:110,4,1,0
BRDA:110,5,0,0
BRDA:110,5,1,0
BRDA:118,6,0,0
BRDA:118,6,1,0
BRDA:149,7,0,0
BRDA:149,7,1,0
BRDA:154,8,0,0
BRDA:154,8,1,0
BRDA:155,9,0,0
BRDA:155,9,1,0
BRF:20
BRH:0
end_of_record
TN:
SF:src\components\dashboard\HeroStats.tsx
FN:43,DeltaBadge
FN:82,HeroStatCard
FN:154,HeroStats
FNF:3
FNH:3
FNDA:48,DeltaBadge
FNDA:48,HeroStatCard
FNDA:12,HeroStats
DA:36,1
DA:52,48
DA:75,1
DA:91,48
DA:155,12
DA:156,12
DA:157,12
DA:159,12
DA:160,12
DA:161,12
DA:162,12
DA:163,12
DA:165,12
LF:13
LH:13
BRDA:129,0,0,12
BRDA:129,0,1,36
BRDA:159,1,0,12
BRDA:159,1,1,0
BRDA:160,2,0,12
BRDA:160,2,1,0
BRDA:161,3,0,12
BRDA:161,3,1,0
BRDA:162,4,0,12
BRDA:162,4,1,0
BRDA:163,5,0,12
BRDA:163,5,1,0
BRDA:187,6,0,12
BRDA:187,6,1,0
BRDA:192,7,0,12
BRDA:192,7,1,0
BRDA:193,8,0,12
BRDA:193,8,1,0
BRDA:195,9,0,12
BRDA:195,9,1,0
BRDA:204,10,0,12
BRDA:204,10,1,0
BRDA:213,11,0,12
BRDA:213,11,1,0
BRDA:218,12,0,12
BRDA:218,12,1,0
BRDA:219,13,0,12
BRDA:219,13,1,0
BRDA:221,14,0,12
BRDA:221,14,1,0
BRF:30
BRH:16
end_of_record
TN:
SF:src\components\dashboard\NeedsAttentionCard.tsx
FN:33,resolveIssueType
FN:39,getInitials
FN:53,ActionButton
FN:88,ItemRow
FN:178,(anonymous_4)
FN:185,(anonymous_5)
FN:196,(anonymous_6)
FN:203,(anonymous_7)
FN:213,(anonymous_8)
FN:227,NeedsAttentionCard
FN:237,(anonymous_10)
FN:238,(anonymous_11)
FN:239,(anonymous_12)
FN:319,(anonymous_13)
FNF:14
FNH:10
FNDA:33,resolveIssueType
FNDA:33,getInitials
FNDA:66,ActionButton
FNDA:33,ItemRow
FNDA:1,(anonymous_4)
FNDA:1,(anonymous_5)
FNDA:0,(anonymous_6)
FNDA:0,(anonymous_7)
FNDA:0,(anonymous_8)
FNDA:11,NeedsAttentionCard
FNDA:1,(anonymous_10)
FNDA:1,(anonymous_11)
FNDA:0,(anonymous_12)
FNDA:33,(anonymous_13)
DA:34,33
DA:35,11
DA:36,0
DA:40,33
DA:54,66
DA:89,33
DA:90,33
DA:93,33
DA:98,33
DA:104,33
DA:178,1
DA:185,1
DA:196,0
DA:203,0
DA:213,0
DA:225,1
DA:228,11
DA:230,11
DA:231,11
DA:232,11
DA:234,11
DA:235,11
DA:237,11
DA:238,11
DA:239,11
DA:241,11
DA:320,33
LF:27
LH:23
BRDA:34,0,0,22
BRDA:34,0,1,11
BRDA:35,1,0,11
BRDA:35,1,1,0
BRDA:35,2,0,11
BRDA:35,2,1,11
BRDA:53,3,0,66
BRDA:65,4,0,33
BRDA:65,4,1,33
BRDA:67,5,0,33
BRDA:67,5,1,33
BRDA:68,6,0,33
BRDA:68,6,1,33
BRDA:69,7,0,33
BRDA:69,7,1,33
BRDA:93,8,0,33
BRDA:93,8,1,0
BRDA:93,9,0,33
BRDA:93,9,1,33
BRDA:98,10,0,22
BRDA:98,10,1,11
BRDA:100,11,0,11
BRDA:100,11,1,0
BRDA:112,12,0,11
BRDA:112,12,1,22
BRDA:148,13,0,33
BRDA:148,13,1,33
BRDA:174,14,0,33
BRDA:174,14,1,22
BRDA:192,15,0,33
BRDA:192,15,1,11
BRDA:210,16,0,33
BRDA:210,16,1,0
BRDA:234,17,0,11
BRDA:234,17,1,0
BRDA:235,18,0,11
BRDA:235,18,1,0
BRDA:269,19,0,11
BRDA:269,19,1,11
BRDA:306,20,0,0
BRDA:306,20,1,11
BRF:41
BRH:34
end_of_record
TN:
SF:src\components\dashboard\WidgetSettingsModal.tsx
FN:15,WidgetSettingsModal
FN:17,(anonymous_1)
FN:18,(anonymous_2)
FN:19,(anonymous_3)
FN:27,(anonymous_4)
FN:39,(anonymous_5)
FN:66,(anonymous_6)
FN:94,(anonymous_7)
FN:127,(anonymous_8)
FNF:9
FNH:5
FNDA:1,WidgetSettingsModal
FNDA:1,(anonymous_1)
FNDA:1,(anonymous_2)
FNDA:1,(anonymous_3)
FNDA:0,(anonymous_4)
FNDA:0,(anonymous_5)
FNDA:10,(anonymous_6)
FNDA:0,(anonymous_7)
FNDA:0,(anonymous_8)
DA:16,1
DA:17,1
DA:18,1
DA:19,1
DA:21,1
DA:23,1
DA:27,0
DA:39,0
DA:67,10
DA:68,10
DA:70,10
DA:94,0
DA:128,0
DA:129,0
LF:14
LH:9
BRDA:21,0,0,0
BRDA:21,0,1,1
BRDA:27,1,0,0
BRDA:27,1,1,0
BRDA:79,2,0,0
BRDA:79,2,1,10
BRDA:84,3,0,0
BRDA:84,3,1,10
BRDA:97,4,0,0
BRDA:97,4,1,10
BRDA:108,5,0,0
BRDA:108,5,1,10
BRDA:111,6,0,0
BRDA:111,6,1,10
BRF:14
BRH:6
end_of_record
TN:
SF:src\components\dashboard\WidgetWrapper.tsx
FN:22,WidgetWrapper
FN:58,(anonymous_1)
FNF:2
FNH:0
FNDA:0,WidgetWrapper
FNDA:0,(anonymous_1)
DA:29,0
DA:30,0
DA:32,0
DA:59,0
DA:60,0
LF:5
LH:0
BRDA:56,0,0,0
BRDA:56,0,1,0
BRDA:56,0,2,0
BRDA:72,1,0,0
BRDA:72,1,1,0
BRF:5
BRH:0
end_of_record
TN:
SF:src\components\dashboard\widgetRegistry.ts
FN:45,(anonymous_0)
FN:52,(anonymous_1)
FN:59,(anonymous_2)
FN:66,(anonymous_3)
FN:73,(anonymous_4)
FN:80,(anonymous_5)
FN:87,(anonymous_6)
FN:94,(anonymous_7)
FN:101,(anonymous_8)
FN:108,(anonymous_9)
FN:119,getDefaultLayouts
FN:120,(anonymous_11)
FNF:12
FNH:0
FNDA:0,(anonymous_0)
FNDA:0,(anonymous_1)
FNDA:0,(anonymous_2)
FNDA:0,(anonymous_3)
FNDA:0,(anonymous_4)
FNDA:0,(anonymous_5)
FNDA:0,(anonymous_6)
FNDA:0,(anonymous_7)
FNDA:0,(anonymous_8)
FNDA:0,(anonymous_9)
FNDA:0,getDefaultLayouts
FNDA:0,(anonymous_11)
DA:39,1
DA:45,0
DA:52,0
DA:59,0
DA:66,0
DA:73,0
DA:80,0
DA:87,0
DA:94,0
DA:101,0
DA:108,0
DA:120,0
LF:12
LH:1
BRF:0
BRH:0
end_of_record
TN:
SF:src\components\dashboard\widgets\AutomationWidget.tsx
FN:30,formatTimeAgo
FN:40,formatNextRun
FN:53,AutomationWidget
FN:106,(anonymous_3)
FN:132,AutomationWidgetConnected
FN:145,(anonymous_5)
FNF:6
FNH:4
FNDA:4,formatTimeAgo
FNDA:4,formatNextRun
FNDA:5,AutomationWidget
FNDA:15,(anonymous_3)
FNDA:0,AutomationWidgetConnected
FNDA:0,(anonymous_5)
DA:31,4
DA:32,4
DA:33,4
DA:34,4
DA:35,4
DA:36,4
DA:37,4
DA:41,4
DA:42,4
DA:43,4
DA:44,4
DA:45,4
DA:46,4
DA:47,4
DA:48,4
DA:56,5
DA:57,5
DA:59,5
DA:107,15
DA:133,0
DA:134,0
DA:135,0
DA:137,0
DA:138,0
DA:140,0
DA:145,0
LF:26
LH:19
BRDA:31,0,0,0
BRDA:31,0,1,4
BRDA:34,1,0,0
BRDA:34,1,1,4
BRDA:35,2,0,0
BRDA:35,2,1,4
BRDA:37,3,0,4
BRDA:37,3,1,0
BRDA:41,4,0,0
BRDA:41,4,1,4
BRDA:43,5,0,0
BRDA:43,5,1,4
BRDA:45,6,0,0
BRDA:45,6,1,4
BRDA:48,7,0,4
BRDA:48,7,1,0
BRDA:56,8,0,4
BRDA:56,8,1,1
BRDA:57,9,0,4
BRDA:57,9,1,1
BRDA:72,10,0,4
BRDA:72,10,1,1
BRDA:76,11,0,4
BRDA:76,11,1,1
BRDA:78,12,0,4
BRDA:78,12,1,1
BRDA:83,13,0,5
BRDA:83,13,1,4
BRDA:84,14,0,1
BRDA:84,14,1,4
BRDA:90,15,0,2
BRDA:90,15,1,3
BRDA:90,16,0,5
BRDA:90,16,1,4
BRDA:91,17,0,2
BRDA:91,17,1,3
BRDA:91,18,0,5
BRDA:91,18,1,4
BRDA:94,19,0,1
BRDA:94,19,1,4
BRDA:104,20,0,5
BRDA:104,20,1,0
BRDA:120,21,0,5
BRDA:120,21,1,4
BRDA:137,22,0,0
BRDA:137,22,1,0
BRDA:138,23,0,0
BRDA:138,23,1,0
BRDA:144,24,0,0
BRDA:144,24,1,0
BRF:50
BRH:35
end_of_record
TN:
SF:src\components\dashboard\widgets\DiskSpaceWidget.tsx
FN:14,DiskSpaceDashboardWidget
FN:35,(anonymous_1)
FN:84,(anonymous_2)
FN:104,(anonymous_3)
FNF:4
FNH:0
FNDA:0,DiskSpaceDashboardWidget
FNDA:0,(anonymous_1)
FNDA:0,(anonymous_2)
FNDA:0,(anonymous_3)
DA:15,0
DA:16,0
DA:18,0
DA:19,0
DA:26,0
DA:27,0
DA:35,0
DA:40,0
DA:85,0
DA:105,0
LF:10
LH:0
BRDA:18,0,0,0
BRDA:18,0,1,0
BRDA:26,1,0,0
BRDA:26,1,1,0
BRDA:35,2,0,0
BRDA:35,2,1,0
BRDA:69,3,0,0
BRDA:69,3,1,0
BRDA:94,4,0,0
BRDA:94,4,1,0
BRF:10
BRH:0
end_of_record
TN:
SF:src\components\dashboard\widgets\ProviderHealthWidget.tsx
FN:9,ProviderHealthWidget
FN:18,(anonymous_1)
FN:36,(anonymous_2)
FN:37,(anonymous_3)
FNF:4
FNH:0
FNDA:0,ProviderHealthWidget
FNDA:0,(anonymous_1)
FNDA:0,(anonymous_2)
FNDA:0,(anonymous_3)
DA:10,0
DA:11,0
DA:13,0
DA:15,0
DA:16,0
DA:19,0
DA:25,0
DA:26,0
DA:33,0
DA:36,0
DA:38,0
DA:39,0
LF:12
LH:0
BRDA:13,0,0,0
BRDA:13,0,1,0
BRDA:15,1,0,0
BRDA:15,1,1,0
BRDA:25,2,0,0
BRDA:25,2,1,0
BRDA:38,3,0,0
BRDA:38,3,1,0
BRDA:38,4,0,0
BRDA:38,4,1,0
BRF:10
BRH:0
end_of_record
TN:
SF:src\components\dashboard\widgets\QualityWidget.tsx
FN:9,(anonymous_0)
FN:10,(anonymous_1)
FN:15,SkeletonPlaceholder
FN:23,QualityWidget
FNF:4
FNH:0
FNDA:0,(anonymous_0)
FNDA:0,(anonymous_1)
FNDA:0,SkeletonPlaceholder
FNDA:0,QualityWidget
DA:9,0
DA:10,0
DA:11,0
DA:16,0
DA:24,0
LF:5
LH:0
BRF:0
BRH:0
end_of_record
TN:
SF:src\components\dashboard\widgets\QuickActionsWidget.tsx
FN:17,QuickActionsWidget
FN:27,(anonymous_1)
FN:29,(anonymous_2)
FN:30,(anonymous_3)
FN:51,(anonymous_4)
FN:53,(anonymous_5)
FN:54,(anonymous_6)
FNF:7
FNH:0
FNDA:0,QuickActionsWidget
FNDA:0,(anonymous_1)
FNDA:0,(anonymous_2)
FNDA:0,(anonymous_3)
FNDA:0,(anonymous_4)
FNDA:0,(anonymous_5)
FNDA:0,(anonymous_6)
DA:18,0
DA:19,0
DA:20,0
DA:21,0
DA:22,0
DA:24,0
DA:28,0
DA:29,0
DA:30,0
DA:52,0
DA:53,0
DA:54,0
LF:12
LH:0
BRDA:33,0,0,0
BRDA:33,0,1,0
BRDA:41,1,0,0
BRDA:41,1,1,0
BRDA:41,2,0,0
BRDA:41,2,1,0
BRDA:46,3,0,0
BRDA:46,3,1,0
BRDA:57,4,0,0
BRDA:57,4,1,0
BRDA:65,5,0,0
BRDA:65,5,1,0
BRDA:65,6,0,0
BRDA:65,6,1,0
BRDA:70,7,0,0
BRDA:70,7,1,0
BRF:16
BRH:0
end_of_record
TN:
SF:src\components\dashboard\widgets\RecentActivityWidget.tsx
FN:13,RecentActivityWidget
FN:39,(anonymous_1)
FNF:2
FNH:0
FNDA:0,RecentActivityWidget
FNDA:0,(anonymous_1)
DA:14,0
DA:15,0
DA:17,0
DA:40,0
LF:4
LH:0
BRDA:38,0,0,0
BRDA:38,0,1,0
BRDA:44,1,0,0
BRDA:44,1,1,0
BRDA:49,2,0,0
BRDA:49,2,1,0
BRDA:73,3,0,0
BRDA:73,3,1,0
BRF:8
BRH:0
end_of_record
TN:
SF:src\components\dashboard\widgets\ServiceStatusWidget.tsx
FN:8,formatServiceName
FN:10,(anonymous_1)
FN:13,ServiceStatusWidget
FN:19,(anonymous_3)
FN:30,(anonymous_4)
FNF:5
FNH:0
FNDA:0,formatServiceName
FNDA:0,(anonymous_1)
FNDA:0,ServiceStatusWidget
FNDA:0,(anonymous_3)
FNDA:0,(anonymous_4)
DA:9,0
DA:10,0
DA:14,0
DA:16,0
DA:17,0
DA:20,0
DA:26,0
DA:28,0
DA:31,0
DA:32,0
DA:35,0
DA:37,0
DA:43,0
DA:49,0
LF:14
LH:0
BRDA:9,0,0,0
BRDA:9,0,1,0
BRDA:16,1,0,0
BRDA:16,1,1,0
BRDA:16,2,0,0
BRDA:16,2,1,0
BRDA:32,3,0,0
BRDA:32,3,1,0
BRDA:32,3,2,0
BRDA:32,3,3,0
BRDA:32,3,4,0
BRDA:35,4,0,0
BRDA:35,4,1,0
BRDA:37,5,0,0
BRDA:37,5,1,0
BRDA:39,6,0,0
BRDA:39,6,1,0
BRDA:43,7,0,0
BRDA:43,7,1,0
BRDA:44,8,0,0
BRDA:44,8,1,0
BRDA:45,9,0,0
BRDA:45,9,1,0
BRDA:47,10,0,0
BRDA:47,10,1,0
BRDA:57,11,0,0
BRDA:57,11,1,0
BRDA:75,12,0,0
BRDA:75,12,1,0
BRF:29
BRH:0
end_of_record
TN:
SF:src\components\dashboard\widgets\StatCardsWidget.tsx
FN:13,StatCard
FN:35,(anonymous_1)
FN:39,(anonymous_2)
FN:65,SkeletonCard
FN:83,StatCardsWidget
FNF:5
FNH:0
FNDA:0,StatCard
FNDA:0,(anonymous_1)
FNDA:0,(anonymous_2)
FNDA:0,SkeletonCard
FNDA:0,StatCardsWidget
DA:26,0
DA:36,0
DA:37,0
DA:40,0
DA:41,0
DA:66,0
DA:84,0
DA:85,0
DA:86,0
DA:87,0
DA:89,0
DA:90,0
DA:100,0
LF:13
LH:0
BRDA:89,0,0,0
BRDA:89,0,1,0
BRDA:89,1,0,0
BRDA:89,1,1,0
BRDA:106,2,0,0
BRDA:106,2,1,0
BRDA:111,3,0,0
BRDA:111,3,1,0
BRDA:120,4,0,0
BRDA:120,4,1,0
BRDA:122,5,0,0
BRDA:122,5,1,0
BRDA:129,6,0,0
BRDA:129,6,1,0
BRDA:136,7,0,0
BRDA:136,7,1,0
BRF:16
BRH:0
end_of_record
TN:
SF:src\components\dashboard\widgets\TranslationStatsWidget.tsx
FN:13,TranslationStatsWidget
FN:22,(anonymous_1)
FN:32,(anonymous_2)
FN:40,(anonymous_3)
FN:46,(anonymous_4)
FN:113,(anonymous_5)
FNF:6
FNH:0
FNDA:0,TranslationStatsWidget
FNDA:0,(anonymous_1)
FNDA:0,(anonymous_2)
FNDA:0,(anonymous_3)
FNDA:0,(anonymous_4)
FNDA:0,(anonymous_5)
DA:14,0
DA:15,0
DA:18,0
DA:19,0
DA:20,0
DA:22,0
DA:23,0
DA:24,0
DA:25,0
DA:26,0
DA:27,0
DA:32,0
DA:33,0
DA:37,0
DA:40,0
DA:41,0
DA:42,0
DA:43,0
DA:46,0
DA:49,0
DA:50,0
DA:57,0
DA:114,0
LF:23
LH:0
BRDA:23,0,0,0
BRDA:23,0,1,0
BRDA:24,1,0,0
BRDA:24,1,1,0
BRDA:33,2,0,0
BRDA:33,2,1,0
BRDA:34,3,0,0
BRDA:34,3,1,0
BRDA:49,4,0,0
BRDA:49,4,1,0
BRDA:113,5,0,0
BRDA:113,5,1,0
BRDA:119,6,0,0
BRDA:119,6,1,0
BRDA:119,7,0,0
BRDA:119,7,1,0
BRDA:142,8,0,0
BRDA:142,8,1,0
BRDA:144,9,0,0
BRDA:144,9,1,0
BRDA:152,10,0,0
BRDA:152,10,1,0
BRDA:161,11,0,0
BRDA:161,11,1,0
BRF:24
BRH:0
end_of_record
TN:
SF:src\components\dashboard\widgets\WantedSummaryWidget.tsx
FN:10,WantedSummaryWidget
FN:49,(anonymous_1)
FNF:2
FNH:0
FNDA:0,WantedSummaryWidget
FNDA:0,(anonymous_1)
DA:11,0
DA:12,0
DA:14,0
DA:15,0
DA:22,0
DA:23,0
DA:25,0
DA:32,0
DA:50,0
DA:51,0
LF:10
LH:0
BRDA:14,0,0,0
BRDA:14,0,1,0
BRDA:22,1,0,0
BRDA:22,1,1,0
BRDA:23,2,0,0
BRDA:23,2,1,0
BRDA:50,3,0,0
BRDA:50,3,1,0
BRF:8
BRH:0
end_of_record
TN:
SF:src\components\editor\AudioWaveform.tsx
FN:21,AudioWaveform
FN:43,(anonymous_1)
FN:76,(anonymous_2)
FN:134,(anonymous_3)
FN:138,(anonymous_4)
FN:147,(anonymous_5)
FN:151,(anonymous_6)
FN:172,(anonymous_7)
FN:172,(anonymous_8)
FN:173,(anonymous_9)
FN:173,(anonymous_10)
FN:176,(anonymous_11)
FN:180,(anonymous_12)
FN:183,(anonymous_13)
FN:187,(anonymous_14)
FN:262,(anonymous_15)
FN:293,formatTime
FNF:17
FNH:0
FNDA:0,AudioWaveform
FNDA:0,(anonymous_1)
FNDA:0,(anonymous_2)
FNDA:0,(anonymous_3)
FNDA:0,(anonymous_4)
FNDA:0,(anonymous_5)
FNDA:0,(anonymous_6)
FNDA:0,(anonymous_7)
FNDA:0,(anonymous_8)
FNDA:0,(anonymous_9)
FNDA:0,(anonymous_10)
FNDA:0,(anonymous_11)
FNDA:0,(anonymous_12)
FNDA:0,(anonymous_13)
FNDA:0,(anonymous_14)
FNDA:0,(anonymous_15)
FNDA:0,formatTime
DA:29,0
DA:30,0
DA:31,0
DA:32,0
DA:33,0
DA:35,0
DA:43,0
DA:44,0
DA:46,0
DA:47,0
DA:48,0
DA:50,0
DA:51,0
DA:53,0
DA:54,0
DA:55,0
DA:56,0
DA:59,0
DA:60,0
DA:62,0
DA:65,0
DA:66,0
DA:67,0
DA:68,0
DA:71,0
DA:72,0
DA:73,0
DA:75,0
DA:76,0
DA:77,0
DA:78,0
DA:81,0
DA:82,0
DA:83,0
DA:85,0
DA:86,0
DA:87,0
DA:89,0
DA:90,0
DA:91,0
DA:93,0
DA:97,0
DA:100,0
DA:101,0
DA:102,0
DA:103,0
DA:104,0
DA:105,0
DA:108,0
DA:109,0
DA:110,0
DA:111,0
DA:112,0
DA:113,0
DA:114,0
DA:115,0
DA:119,0
DA:120,0
DA:121,0
DA:122,0
DA:123,0
DA:124,0
DA:125,0
DA:126,0
DA:127,0
DA:128,0
DA:134,0
DA:135,0
DA:136,0
DA:138,0
DA:139,0
DA:140,0
DA:141,0
DA:142,0
DA:144,0
DA:146,0
DA:147,0
DA:151,0
DA:153,0
DA:155,0
DA:156,0
DA:157,0
DA:158,0
DA:160,0
DA:161,0
DA:162,0
DA:163,0
DA:164,0
DA:166,0
DA:172,0
DA:173,0
DA:176,0
DA:177,0
DA:178,0
DA:179,0
DA:180,0
DA:183,0
DA:184,0
DA:185,0
DA:186,0
DA:187,0
DA:190,0
DA:191,0
DA:198,0
DA:199,0
DA:207,0
DA:208,0
DA:215,0
DA:216,0
DA:223,0
DA:262,0
DA:294,0
DA:295,0
DA:296,0
DA:297,0
DA:299,0
DA:300,0
DA:302,0
LF:118
LH:0
BRDA:24,0,0,0
BRDA:27,1,0,0
BRDA:44,2,0,0
BRDA:44,2,1,0
BRDA:44,3,0,0
BRDA:44,3,1,0
BRDA:48,4,0,0
BRDA:48,4,1,0
BRDA:51,5,0,0
BRDA:51,5,1,0
BRDA:62,6,0,0
BRDA:62,6,1,0
BRDA:83,7,0,0
BRDA:83,7,1,0
BRDA:83,8,0,0
BRDA:83,8,1,0
BRDA:89,9,0,0
BRDA:89,9,1,0
BRDA:108,10,0,0
BRDA:108,10,1,0
BRDA:108,11,0,0
BRDA:108,11,1,0
BRDA:125,12,0,0
BRDA:125,12,1,0
BRDA:136,13,0,0
BRDA:136,13,1,0
BRDA:139,14,0,0
BRDA:139,14,1,0
BRDA:139,15,0,0
BRDA:139,15,1,0
BRDA:142,16,0,0
BRDA:142,16,1,0
BRDA:153,17,0,0
BRDA:153,17,1,0
BRDA:153,18,0,0
BRDA:153,18,1,0
BRDA:153,18,2,0
BRDA:177,19,0,0
BRDA:177,19,1,0
BRDA:184,20,0,0
BRDA:184,20,1,0
BRDA:190,21,0,0
BRDA:190,21,1,0
BRDA:198,22,0,0
BRDA:198,22,1,0
BRDA:207,23,0,0
BRDA:207,23,1,0
BRDA:215,24,0,0
BRDA:215,24,1,0
BRDA:226,25,0,0
BRDA:226,25,1,0
BRDA:264,26,0,0
BRDA:264,26,1,0
BRDA:266,27,0,0
BRDA:266,27,1,0
BRDA:299,28,0,0
BRDA:299,28,1,0
BRF:57
BRH:0
end_of_record
TN:
SF:src\components\editor\SpellCheckPanel.tsx
FN:23,SpellCheckPanel
FN:38,(anonymous_1)
FN:62,(anonymous_2)
FN:68,(anonymous_3)
FN:72,(anonymous_4)
FN:75,(anonymous_5)
FN:81,(anonymous_6)
FN:81,(anonymous_7)
FN:87,(anonymous_8)
FN:89,(anonymous_9)
FN:89,(anonymous_10)
FN:135,(anonymous_11)
FN:141,(anonymous_12)
FN:157,(anonymous_13)
FN:160,(anonymous_14)
FN:171,(anonymous_15)
FNF:16
FNH:0
FNDA:0,SpellCheckPanel
FNDA:0,(anonymous_1)
FNDA:0,(anonymous_2)
FNDA:0,(anonymous_3)
FNDA:0,(anonymous_4)
FNDA:0,(anonymous_5)
FNDA:0,(anonymous_6)
FNDA:0,(anonymous_7)
FNDA:0,(anonymous_8)
FNDA:0,(anonymous_9)
FNDA:0,(anonymous_10)
FNDA:0,(anonymous_11)
FNDA:0,(anonymous_12)
FNDA:0,(anonymous_13)
FNDA:0,(anonymous_14)
FNDA:0,(anonymous_15)
DA:31,0
DA:32,0
DA:33,0
DA:35,0
DA:36,0
DA:38,0
DA:39,0
DA:40,0
DA:41,0
DA:44,0
DA:45,0
DA:46,0
DA:52,0
DA:54,0
DA:55,0
DA:57,0
DA:62,0
DA:63,0
DA:64,0
DA:65,0
DA:68,0
DA:69,0
DA:72,0
DA:75,0
DA:77,0
DA:78,0
DA:81,0
DA:82,0
DA:87,0
DA:89,0
DA:92,0
DA:93,0
DA:103,0
DA:136,0
DA:141,0
DA:158,0
DA:161,0
DA:162,0
DA:172,0
DA:173,0
LF:40
LH:0
BRDA:26,0,0,0
BRDA:29,1,0,0
BRDA:39,2,0,0
BRDA:39,2,1,0
BRDA:52,3,0,0
BRDA:52,3,1,0
BRDA:63,4,0,0
BRDA:63,4,1,0
BRDA:77,5,0,0
BRDA:77,5,1,0
BRDA:92,6,0,0
BRDA:92,6,1,0
BRDA:92,7,0,0
BRDA:92,7,1,0
BRDA:108,8,0,0
BRDA:108,8,1,0
BRDA:117,9,0,0
BRDA:117,9,1,0
BRDA:128,10,0,0
BRDA:128,10,1,0
BRDA:133,11,0,0
BRDA:133,11,1,0
BRDA:139,12,0,0
BRDA:139,12,1,0
BRDA:141,13,0,0
BRDA:141,13,1,0
BRDA:147,14,0,0
BRDA:147,14,1,0
BRDA:151,15,0,0
BRDA:151,15,1,0
BRDA:155,16,0,0
BRDA:155,16,1,0
BRF:32
BRH:0
end_of_record
TN:
SF:src\components\editor\SubtitleDiff.tsx
FN:25,formatTime
FN:34,SubtitleDiff
FN:56,(anonymous_2)
FN:65,(anonymous_3)
FN:70,(anonymous_4)
FN:71,(anonymous_5)
FN:72,(anonymous_6)
FN:75,(anonymous_7)
FN:79,(anonymous_8)
FN:83,(anonymous_9)
FN:88,(anonymous_10)
FN:89,(anonymous_11)
FN:100,(anonymous_12)
FN:103,(anonymous_13)
FN:104,(anonymous_14)
FN:105,(anonymous_15)
FN:109,(anonymous_16)
FN:113,(anonymous_17)
FN:116,(anonymous_18)
FN:117,(anonymous_19)
FN:164,(anonymous_20)
FN:167,(anonymous_21)
FN:183,(anonymous_22)
FN:184,(anonymous_23)
FN:231,(anonymous_24)
FN:240,(anonymous_25)
FN:292,(anonymous_26)
FN:320,DiffRow
FN:370,(anonymous_28)
FN:387,DiffHeader
FN:409,(anonymous_30)
FN:410,(anonymous_31)
FN:423,(anonymous_32)
FN:424,(anonymous_33)
FNF:34
FNH:0
FNDA:0,formatTime
FNDA:0,SubtitleDiff
FNDA:0,(anonymous_2)
FNDA:0,(anonymous_3)
FNDA:0,(anonymous_4)
FNDA:0,(anonymous_5)
FNDA:0,(anonymous_6)
FNDA:0,(anonymous_7)
FNDA:0,(anonymous_8)
FNDA:0,(anonymous_9)
FNDA:0,(anonymous_10)
FNDA:0,(anonymous_11)
FNDA:0,(anonymous_12)
FNDA:0,(anonymous_13)
FNDA:0,(anonymous_14)
FNDA:0,(anonymous_15)
FNDA:0,(anonymous_16)
FNDA:0,(anonymous_17)
FNDA:0,(anonymous_18)
FNDA:0,(anonymous_19)
FNDA:0,(anonymous_20)
FNDA:0,(anonymous_21)
FNDA:0,(anonymous_22)
FNDA:0,(anonymous_23)
FNDA:0,(anonymous_24)
FNDA:0,(anonymous_25)
FNDA:0,(anonymous_26)
FNDA:0,DiffRow
FNDA:0,(anonymous_28)
FNDA:0,DiffHeader
FNDA:0,(anonymous_30)
FNDA:0,(anonymous_31)
FNDA:0,(anonymous_32)
FNDA:0,(anonymous_33)
DA:18,0
DA:26,0
DA:27,0
DA:28,0
DA:29,0
DA:42,0
DA:44,0
DA:45,0
DA:46,0
DA:47,0
DA:49,0
DA:50,0
DA:52,0
DA:53,0
DA:56,0
DA:57,0
DA:58,0
DA:60,0
DA:61,0
DA:62,0
DA:64,0
DA:66,0
DA:67,0
DA:69,0
DA:70,0
DA:71,0
DA:72,0
DA:73,0
DA:76,0
DA:77,0
DA:80,0
DA:83,0
DA:84,0
DA:88,0
DA:89,0
DA:90,0
DA:91,0
DA:92,0
DA:94,0
DA:96,0
DA:100,0
DA:101,0
DA:102,0
DA:103,0
DA:104,0
DA:105,0
DA:106,0
DA:109,0
DA:110,0
DA:113,0
DA:114,0
DA:115,0
DA:116,0
DA:117,0
DA:119,0
DA:120,0
DA:121,0
DA:122,0
DA:123,0
DA:125,0
DA:127,0
DA:133,0
DA:134,0
DA:145,0
DA:146,0
DA:157,0
DA:158,0
DA:165,0
DA:166,0
DA:167,0
DA:181,0
DA:183,0
DA:184,0
DA:187,0
DA:188,0
DA:190,0
DA:231,0
DA:240,0
DA:293,0
DA:321,0
DA:322,0
DA:323,0
DA:325,0
DA:331,0
DA:370,0
DA:394,0
DA:409,0
DA:410,0
DA:423,0
DA:424,0
LF:90
LH:0
BRDA:58,0,0,0
BRDA:58,0,1,0
BRDA:58,1,0,0
BRDA:58,1,1,0
BRDA:66,2,0,0
BRDA:66,2,1,0
BRDA:76,3,0,0
BRDA:76,3,1,0
BRDA:77,4,0,0
BRDA:77,4,1,0
BRDA:80,5,0,0
BRDA:80,5,1,0
BRDA:91,6,0,0
BRDA:91,6,1,0
BRDA:101,7,0,0
BRDA:101,7,1,0
BRDA:114,8,0,0
BRDA:114,8,1,0
BRDA:114,9,0,0
BRDA:114,9,1,0
BRDA:117,10,0,0
BRDA:117,10,1,0
BRDA:125,11,0,0
BRDA:125,11,1,0
BRDA:133,12,0,0
BRDA:133,12,1,0
BRDA:145,13,0,0
BRDA:145,13,1,0
BRDA:157,14,0,0
BRDA:157,14,1,0
BRDA:181,15,0,0
BRDA:181,15,1,0
BRDA:184,16,0,0
BRDA:184,16,1,0
BRDA:187,17,0,0
BRDA:187,17,1,0
BRDA:199,18,0,0
BRDA:199,18,1,0
BRDA:202,19,0,0
BRDA:202,19,1,0
BRDA:241,20,0,0
BRDA:241,20,1,0
BRDA:245,21,0,0
BRDA:245,21,1,0
BRDA:253,22,0,0
BRDA:253,22,1,0
BRDA:263,23,0,0
BRDA:263,23,1,0
BRDA:271,24,0,0
BRDA:271,24,1,0
BRDA:271,24,2,0
BRDA:271,24,3,0
BRDA:278,25,0,0
BRDA:278,25,1,0
BRDA:278,25,2,0
BRDA:278,25,3,0
BRDA:323,26,0,0
BRDA:323,26,1,0
BRDA:325,27,0,0
BRDA:325,27,1,0
BRDA:327,28,0,0
BRDA:327,28,1,0
BRDA:336,29,0,0
BRDA:336,29,1,0
BRDA:346,30,0,0
BRDA:346,30,1,0
BRDA:358,31,0,0
BRDA:358,31,1,0
BRDA:363,32,0,0
BRDA:363,32,1,0
BRDA:368,33,0,0
BRDA:368,33,1,0
BRDA:373,34,0,0
BRDA:373,34,1,0
BRDA:374,35,0,0
BRDA:374,35,1,0
BRDA:376,36,0,0
BRDA:376,36,1,0
BRDA:378,37,0,0
BRDA:378,37,1,0
BRDA:403,38,0,0
BRDA:403,38,1,0
BRDA:417,39,0,0
BRDA:417,39,1,0
BRF:84
BRH:0
end_of_record
TN:
SF:src\components\editor\SubtitleEditor.tsx
FN:43,SubtitleEditor
FN:68,(anonymous_1)
FN:74,(anonymous_2)
FN:101,(anonymous_3)
FN:124,(anonymous_4)
FN:131,(anonymous_5)
FN:135,(anonymous_6)
FN:143,(anonymous_7)
FN:144,(anonymous_8)
FN:154,(anonymous_9)
FN:160,(anonymous_10)
FN:165,(anonymous_11)
FN:175,(anonymous_12)
FN:188,(anonymous_13)
FN:197,(anonymous_14)
FN:202,(anonymous_15)
FN:207,(anonymous_16)
FN:212,(anonymous_17)
FN:220,(anonymous_18)
FN:234,(anonymous_19)
FN:406,(anonymous_20)
FN:407,(anonymous_21)
FNF:22
FNH:0
FNDA:0,SubtitleEditor
FNDA:0,(anonymous_1)
FNDA:0,(anonymous_2)
FNDA:0,(anonymous_3)
FNDA:0,(anonymous_4)
FNDA:0,(anonymous_5)
FNDA:0,(anonymous_6)
FNDA:0,(anonymous_7)
FNDA:0,(anonymous_8)
FNDA:0,(anonymous_9)
FNDA:0,(anonymous_10)
FNDA:0,(anonymous_11)
FNDA:0,(anonymous_12)
FNDA:0,(anonymous_13)
FNDA:0,(anonymous_14)
FNDA:0,(anonymous_15)
FNDA:0,(anonymous_16)
FNDA:0,(anonymous_17)
FNDA:0,(anonymous_18)
FNDA:0,(anonymous_19)
FNDA:0,(anonymous_20)
FNDA:0,(anonymous_21)
DA:52,0
DA:53,0
DA:54,0
DA:55,0
DA:56,0
DA:57,0
DA:58,0
DA:60,0
DA:61,0
DA:62,0
DA:64,0
DA:65,0
DA:68,0
DA:69,0
DA:74,0
DA:75,0
DA:77,0
DA:78,0
DA:79,0
DA:84,0
DA:85,0
DA:86,0
DA:87,0
DA:89,0
DA:90,0
DA:91,0
DA:93,0
DA:96,0
DA:101,0
DA:102,0
DA:104,0
DA:105,0
DA:106,0
DA:110,0
DA:111,0
DA:113,0
DA:119,0
DA:124,0
DA:125,0
DA:127,0
DA:128,0
DA:131,0
DA:132,0
DA:135,0
DA:136,0
DA:137,0
DA:143,0
DA:144,0
DA:145,0
DA:146,0
DA:150,0
DA:151,0
DA:154,0
DA:155,0
DA:160,0
DA:162,0
DA:166,0
DA:167,0
DA:175,0
DA:176,0
DA:188,0
DA:190,0
DA:191,0
DA:197,0
DA:198,0
DA:199,0
DA:202,0
DA:203,0
DA:204,0
DA:207,0
DA:208,0
DA:209,0
DA:212,0
DA:213,0
DA:214,0
DA:216,0
DA:220,0
DA:221,0
DA:225,0
DA:226,0
DA:228,0
DA:234,0
DA:406,0
DA:407,0
LF:84
LH:0
BRDA:69,0,0,0
BRDA:69,0,1,0
BRDA:75,1,0,0
BRDA:75,1,1,0
BRDA:75,2,0,0
BRDA:75,2,1,0
BRDA:90,3,0,0
BRDA:90,3,1,0
BRDA:102,4,0,0
BRDA:102,4,1,0
BRDA:125,5,0,0
BRDA:125,5,1,0
BRDA:125,6,0,0
BRDA:125,6,1,0
BRDA:127,7,0,0
BRDA:127,7,1,0
BRDA:136,8,0,0
BRDA:136,8,1,0
BRDA:145,9,0,0
BRDA:145,9,1,0
BRDA:150,10,0,0
BRDA:150,10,1,0
BRDA:199,11,0,0
BRDA:199,11,1,0
BRDA:204,12,0,0
BRDA:204,12,1,0
BRDA:209,13,0,0
BRDA:209,13,1,0
BRDA:213,14,0,0
BRDA:213,14,1,0
BRDA:235,15,0,0
BRDA:235,15,1,0
BRDA:241,16,0,0
BRDA:241,16,1,0
BRDA:260,17,0,0
BRDA:260,17,1,0
BRDA:269,18,0,0
BRDA:269,18,1,0
BRDA:272,19,0,0
BRDA:272,19,1,0
BRDA:277,20,0,0
BRDA:277,20,1,0
BRDA:278,21,0,0
BRDA:278,21,1,0
BRDA:279,22,0,0
BRDA:279,22,1,0
BRDA:283,23,0,0
BRDA:283,23,1,0
BRDA:319,24,0,0
BRDA:319,24,1,0
BRDA:332,25,0,0
BRDA:332,25,1,0
BRDA:375,26,0,0
BRDA:375,26,1,0
BRDA:381,27,0,0
BRDA:381,27,1,0
BRDA:381,27,2,0
BRDA:384,28,0,0
BRDA:384,28,1,0
BRDA:387,29,0,0
BRDA:387,29,1,0
BRDA:394,30,0,0
BRDA:394,30,1,0
BRF:63
BRH:0
end_of_record
TN:
SF:src\components\editor\SubtitleEditorModal.tsx
FN:19,(anonymous_0)
FN:20,(anonymous_1)
FN:21,(anonymous_2)
FN:23,(anonymous_3)
FN:26,(anonymous_4)
FN:27,(anonymous_5)
FN:41,truncateFilePath
FN:49,SubtitleEditorModal
FN:96,(anonymous_8)
FN:100,(anonymous_9)
FN:106,(anonymous_10)
FN:115,(anonymous_11)
FN:118,(anonymous_12)
FN:122,(anonymous_13)
FN:132,(anonymous_14)
FN:140,(anonymous_15)
FN:144,(anonymous_16)
FN:147,(anonymous_17)
FN:151,(anonymous_18)
FN:157,(anonymous_19)
FN:161,(anonymous_20)
FN:165,(anonymous_21)
FN:169,(anonymous_22)
FN:173,(anonymous_23)
FN:173,(anonymous_24)
FN:174,(anonymous_25)
FN:174,(anonymous_26)
FN:175,(anonymous_27)
FN:175,(anonymous_28)
FN:176,(anonymous_29)
FN:176,(anonymous_30)
FN:177,(anonymous_31)
FN:177,(anonymous_32)
FN:178,(anonymous_33)
FN:178,(anonymous_34)
FN:179,(anonymous_35)
FN:179,(anonymous_36)
FN:219,(anonymous_37)
FN:224,(anonymous_38)
FN:283,(anonymous_39)
FN:284,(anonymous_40)
FN:297,(anonymous_41)
FN:300,(anonymous_42)
FN:320,(anonymous_43)
FN:341,(anonymous_44)
FN:345,(anonymous_45)
FN:349,(anonymous_46)
FN:382,(anonymous_47)
FN:396,(anonymous_48)
FN:401,(anonymous_49)
FN:423,(anonymous_50)
FN:424,(anonymous_51)
FNF:52
FNH:12
FNDA:1,(anonymous_0)
FNDA:0,(anonymous_1)
FNDA:0,(anonymous_2)
FNDA:0,(anonymous_3)
FNDA:0,(anonymous_4)
FNDA:0,(anonymous_5)
FNDA:4,truncateFilePath
FNDA:4,SubtitleEditorModal
FNDA:3,(anonymous_8)
FNDA:3,(anonymous_9)
FNDA:0,(anonymous_10)
FNDA:3,(anonymous_11)
FNDA:3,(anonymous_12)
FNDA:1,(anonymous_13)
FNDA:0,(anonymous_14)
FNDA:0,(anonymous_15)
FNDA:0,(anonymous_16)
FNDA:0,(anonymous_17)
FNDA:0,(anonymous_18)
FNDA:0,(anonymous_19)
FNDA:0,(anonymous_20)
FNDA:0,(anonymous_21)
FNDA:0,(anonymous_22)
FNDA:0,(anonymous_23)
FNDA:0,(anonymous_24)
FNDA:0,(anonymous_25)
FNDA:0,(anonymous_26)
FNDA:0,(anonymous_27)
FNDA:0,(anonymous_28)
FNDA:0,(anonymous_29)
FNDA:0,(anonymous_30)
FNDA:0,(anonymous_31)
FNDA:0,(anonymous_32)
FNDA:0,(anonymous_33)
FNDA:0,(anonymous_34)
FNDA:0,(anonymous_35)
FNDA:0,(anonymous_36)
FNDA:12,(anonymous_37)
FNDA:0,(anonymous_38)
FNDA:0,(anonymous_39)
FNDA:0,(anonymous_40)
FNDA:21,(anonymous_41)
FNDA:0,(anonymous_42)
FNDA:1,(anonymous_43)
FNDA:1,(anonymous_44)
FNDA:0,(anonymous_45)
FNDA:0,(anonymous_46)
FNDA:0,(anonymous_47)
FNDA:0,(anonymous_48)
FNDA:0,(anonymous_49)
FNDA:0,(anonymous_50)
FNDA:0,(anonymous_51)
DA:19,2
DA:20,2
DA:21,0
DA:23,2
DA:24,0
DA:26,2
DA:27,0
DA:42,4
DA:43,0
DA:44,0
DA:45,0
DA:46,0
DA:56,4
DA:57,4
DA:58,4
DA:59,4
DA:60,4
DA:61,4
DA:62,4
DA:63,4
DA:64,4
DA:65,4
DA:69,4
DA:70,4
DA:71,4
DA:72,0
DA:73,0
DA:74,0
DA:75,0
DA:76,0
DA:77,0
DA:78,0
DA:82,4
DA:85,4
DA:86,4
DA:87,0
DA:88,0
DA:89,0
DA:90,0
DA:91,0
DA:96,4
DA:97,3
DA:98,3
DA:99,3
DA:100,3
DA:101,3
DA:106,4
DA:107,0
DA:108,0
DA:109,0
DA:111,0
DA:115,4
DA:116,3
DA:117,3
DA:118,3
DA:122,4
DA:123,1
DA:124,0
DA:125,0
DA:127,0
DA:132,4
DA:133,0
DA:134,0
DA:136,0
DA:140,4
DA:141,0
DA:142,0
DA:143,0
DA:145,0
DA:148,0
DA:149,0
DA:151,0
DA:155,4
DA:157,4
DA:158,0
DA:159,0
DA:160,0
DA:162,0
DA:163,0
DA:166,0
DA:167,0
DA:169,0
DA:172,4
DA:173,0
DA:174,0
DA:175,0
DA:176,0
DA:177,0
DA:178,0
DA:179,0
DA:183,4
DA:185,4
DA:192,4
DA:220,12
DA:221,12
DA:224,0
DA:283,0
DA:284,0
DA:298,21
DA:300,0
DA:320,1
DA:342,1
DA:346,0
DA:347,0
DA:349,0
DA:382,0
DA:397,0
DA:398,0
DA:401,0
DA:423,0
DA:425,0
DA:426,0
DA:427,0
LF:113
LH:47
BRDA:41,0,0,4
BRDA:42,1,0,4
BRDA:42,1,1,0
BRDA:44,2,0,0
BRDA:44,2,1,0
BRDA:46,3,0,0
BRDA:46,3,1,0
BRDA:51,4,0,4
BRDA:71,5,0,0
BRDA:71,5,1,4
BRDA:71,6,0,4
BRDA:71,6,1,4
BRDA:86,7,0,0
BRDA:86,7,1,4
BRDA:88,8,0,0
BRDA:88,8,1,0
BRDA:97,9,0,0
BRDA:97,9,1,3
BRDA:107,10,0,0
BRDA:107,10,1,0
BRDA:108,11,0,0
BRDA:108,11,1,0
BRDA:109,12,0,0
BRDA:109,12,1,0
BRDA:116,13,0,0
BRDA:116,13,1,3
BRDA:123,14,0,0
BRDA:123,14,1,1
BRDA:124,15,0,0
BRDA:124,15,1,0
BRDA:125,16,0,0
BRDA:125,16,1,0
BRDA:133,17,0,0
BRDA:133,17,1,0
BRDA:134,18,0,0
BRDA:134,18,1,0
BRDA:141,19,0,0
BRDA:141,19,1,0
BRDA:148,20,0,0
BRDA:148,20,1,0
BRDA:158,21,0,0
BRDA:158,21,1,0
BRDA:158,22,0,0
BRDA:158,22,1,0
BRDA:166,23,0,0
BRDA:166,23,1,0
BRDA:178,24,0,0
BRDA:178,24,1,0
BRDA:179,25,0,0
BRDA:179,25,1,0
BRDA:183,26,0,0
BRDA:183,26,1,4
BRDA:189,27,0,0
BRDA:189,27,1,4
BRDA:227,28,0,4
BRDA:227,28,1,8
BRDA:228,29,0,4
BRDA:228,29,1,8
BRDA:229,30,0,4
BRDA:229,30,1,8
BRDA:251,31,0,0
BRDA:251,31,1,4
BRDA:266,32,0,4
BRDA:266,32,1,0
BRDA:292,33,0,4
BRDA:292,33,1,3
BRDA:307,34,0,0
BRDA:307,34,1,21
BRDA:310,35,0,21
BRDA:310,35,1,0
BRDA:316,36,0,3
BRDA:316,36,1,3
BRDA:339,37,0,0
BRDA:339,37,1,3
BRDA:356,38,0,3
BRDA:356,38,1,0
BRDA:379,39,0,4
BRDA:379,39,1,1
BRDA:389,40,0,4
BRDA:389,40,1,3
BRDA:389,40,2,0
BRDA:389,40,3,0
BRDA:389,40,4,0
BRDA:405,41,0,4
BRDA:405,41,1,3
BRDA:405,41,2,0
BRDA:405,41,3,0
BRDA:405,41,4,3
BRDA:417,42,0,4
BRDA:417,42,1,0
BRDA:417,42,2,0
BRDA:417,42,3,0
BRDA:432,43,0,4
BRDA:432,43,1,0
BRDA:432,43,2,0
BRDA:432,43,3,0
BRDA:444,44,0,4
BRDA:444,44,1,0
BRDA:444,44,2,0
BRDA:444,44,3,0
BRF:100
BRH:38
end_of_record
TN:
SF:src\components\editor\SubtitlePreview.tsx
FN:30,formatBytes
FN:36,SubtitlePreview
FN:62,(anonymous_2)
FN:120,(anonymous_3)
FN:123,(anonymous_4)
FN:124,(anonymous_5)
FN:153,(anonymous_6)
FN:155,(anonymous_7)
FN:156,(anonymous_8)
FN:158,(anonymous_9)
FN:159,(anonymous_10)
FN:196,(anonymous_11)
FN:197,(anonymous_12)
FNF:13
FNH:0
FNDA:0,formatBytes
FNDA:0,SubtitlePreview
FNDA:0,(anonymous_2)
FNDA:0,(anonymous_3)
FNDA:0,(anonymous_4)
FNDA:0,(anonymous_5)
FNDA:0,(anonymous_6)
FNDA:0,(anonymous_7)
FNDA:0,(anonymous_8)
FNDA:0,(anonymous_9)
FNDA:0,(anonymous_10)
FNDA:0,(anonymous_11)
FNDA:0,(anonymous_12)
DA:31,0
DA:32,0
DA:33,0
DA:43,0
DA:44,0
DA:51,0
DA:55,0
DA:59,0
DA:62,0
DA:63,0
DA:64,0
DA:67,0
DA:68,0
DA:71,0
DA:75,0
DA:78,0
DA:79,0
DA:82,0
DA:86,0
DA:87,0
DA:89,0
DA:90,0
DA:96,0
DA:97,0
DA:106,0
DA:107,0
DA:108,0
DA:114,0
DA:120,0
DA:123,0
DA:124,0
DA:134,0
DA:136,0
DA:154,0
DA:155,0
DA:156,0
DA:157,0
DA:158,0
DA:159,0
DA:160,0
DA:165,0
DA:196,0
DA:197,0
LF:43
LH:0
BRDA:31,0,0,0
BRDA:31,0,1,0
BRDA:32,1,0,0
BRDA:32,1,1,0
BRDA:41,2,0,0
BRDA:59,3,0,0
BRDA:59,3,1,0
BRDA:67,4,0,0
BRDA:67,4,1,0
BRDA:67,5,0,0
BRDA:67,5,1,0
BRDA:67,5,2,0
BRDA:71,6,0,0
BRDA:71,6,1,0
BRDA:71,7,0,0
BRDA:71,7,1,0
BRDA:75,8,0,0
BRDA:75,8,1,0
BRDA:96,9,0,0
BRDA:96,9,1,0
BRDA:106,10,0,0
BRDA:106,10,1,0
BRDA:108,11,0,0
BRDA:108,11,1,0
BRDA:110,12,0,0
BRDA:110,12,1,0
BRDA:112,13,0,0
BRDA:112,13,1,0
BRDA:118,14,0,0
BRDA:118,14,1,0
BRDA:118,14,2,0
BRDA:134,15,0,0
BRDA:134,15,1,0
BRDA:153,16,0,0
BRDA:153,16,1,0
BRDA:157,17,0,0
BRDA:157,17,1,0
BRDA:160,18,0,0
BRDA:160,18,1,0
BRDA:162,19,0,0
BRDA:162,19,1,0
BRDA:169,20,0,0
BRDA:169,20,1,0
BRDA:169,21,0,0
BRDA:169,21,1,0
BRDA:171,22,0,0
BRDA:171,22,1,0
BRDA:179,23,0,0
BRDA:179,23,1,0
BRDA:191,24,0,0
BRDA:191,24,1,0
BRDA:206,25,0,0
BRDA:206,25,1,0
BRDA:206,25,2,0
BRF:54
BRH:0
end_of_record
TN:
SF:src\components\editor\SubtitleTimeline.tsx
FN:20,formatTime
FN:31,getCueColor
FN:39,getQualityColor
FN:45,SubtitleTimeline
FN:76,(anonymous_4)
FN:90,(anonymous_5)
FN:105,(anonymous_6)
FNF:7
FNH:0
FNDA:0,formatTime
FNDA:0,getCueColor
FNDA:0,getQualityColor
FNDA:0,SubtitleTimeline
FNDA:0,(anonymous_4)
FNDA:0,(anonymous_5)
FNDA:0,(anonymous_6)
DA:21,0
DA:22,0
DA:23,0
DA:24,0
DA:25,0
DA:27,0
DA:32,0
DA:33,0
DA:34,0
DA:35,0
DA:40,0
DA:41,0
DA:42,0
DA:52,0
DA:53,0
DA:64,0
DA:65,0
DA:66,0
DA:67,0
DA:68,0
DA:69,0
DA:72,0
DA:77,0
DA:78,0
DA:79,0
DA:80,0
DA:81,0
DA:84,0
DA:90,0
DA:106,0
LF:30
LH:0
BRDA:24,0,0,0
BRDA:24,0,1,0
BRDA:32,1,0,0
BRDA:32,1,1,0
BRDA:32,2,0,0
BRDA:32,2,1,0
BRDA:34,3,0,0
BRDA:34,3,1,0
BRDA:34,4,0,0
BRDA:34,4,1,0
BRDA:40,5,0,0
BRDA:40,5,1,0
BRDA:41,6,0,0
BRDA:41,6,1,0
BRDA:50,7,0,0
BRDA:52,8,0,0
BRDA:52,8,1,0
BRDA:52,9,0,0
BRDA:52,9,1,0
BRDA:81,10,0,0
BRDA:81,10,1,0
BRDA:92,11,0,0
BRDA:92,11,1,0
BRDA:92,11,2,0
BRF:24
BRH:0
end_of_record
TN:
SF:src\components\editor\WaveformTab.tsx
FN:21,WaveformTab
FN:33,(anonymous_1)
FN:48,(anonymous_2)
FN:49,(anonymous_3)
FN:50,(anonymous_4)
FN:51,(anonymous_5)
FN:54,(anonymous_6)
FN:55,(anonymous_7)
FN:60,(anonymous_8)
FN:70,(anonymous_9)
FN:74,(anonymous_10)
FN:112,(anonymous_11)
FNF:12
FNH:0
FNDA:0,WaveformTab
FNDA:0,(anonymous_1)
FNDA:0,(anonymous_2)
FNDA:0,(anonymous_3)
FNDA:0,(anonymous_4)
FNDA:0,(anonymous_5)
FNDA:0,(anonymous_6)
FNDA:0,(anonymous_7)
FNDA:0,(anonymous_8)
FNDA:0,(anonymous_9)
FNDA:0,(anonymous_10)
FNDA:0,(anonymous_11)
DA:22,0
DA:23,0
DA:24,0
DA:25,0
DA:26,0
DA:27,0
DA:28,0
DA:30,0
DA:33,0
DA:34,0
DA:36,0
DA:37,0
DA:39,0
DA:46,0
DA:48,0
DA:49,0
DA:50,0
DA:51,0
DA:53,0
DA:54,0
DA:56,0
DA:57,0
DA:60,0
DA:61,0
DA:62,0
DA:63,0
DA:64,0
DA:65,0
DA:70,0
DA:71,0
DA:73,0
DA:74,0
DA:75,0
DA:86,0
DA:87,0
DA:94,0
DA:112,0
LF:37
LH:0
BRDA:34,0,0,0
BRDA:34,0,1,0
BRDA:34,1,0,0
BRDA:34,1,1,0
BRDA:71,2,0,0
BRDA:71,2,1,0
BRDA:71,3,0,0
BRDA:71,3,1,0
BRDA:71,3,2,0
BRDA:86,4,0,0
BRDA:86,4,1,0
BRDA:96,5,0,0
BRDA:96,5,1,0
BRDA:109,6,0,0
BRDA:109,6,1,0
BRDA:120,7,0,0
BRDA:120,7,1,0
BRDA:121,8,0,0
BRDA:121,8,1,0
BRDA:124,9,0,0
BRDA:124,9,1,0
BRF:21
BRH:0
end_of_record
TN:
SF:src\components\editor\editor-theme.ts
FNF:0
FNH:0
DA:20,0
DA:45,0
LF:2
LH:0
BRF:0
BRH:0
end_of_record
TN:
SF:src\components\editor\lang-ass.ts
FN:17,(anonymous_0)
FNF:1
FNH:0
FNDA:0,(anonymous_0)
DA:16,0
DA:19,0
DA:22,0
DA:25,0
DA:26,0
DA:27,0
DA:31,0
DA:32,0
DA:36,0
DA:37,0
DA:41,0
DA:44,0
DA:47,0
DA:50,0
DA:51,0
LF:15
LH:0
BRDA:19,0,0,0
BRDA:19,0,1,0
BRDA:22,1,0,0
BRDA:22,1,1,0
BRDA:22,2,0,0
BRDA:22,2,1,0
BRDA:25,3,0,0
BRDA:25,3,1,0
BRDA:25,4,0,0
BRDA:25,4,1,0
BRDA:31,5,0,0
BRDA:31,5,1,0
BRDA:31,6,0,0
BRDA:31,6,1,0
BRDA:36,7,0,0
BRDA:36,7,1,0
BRDA:36,8,0,0
BRDA:36,8,1,0
BRDA:41,9,0,0
BRDA:41,9,1,0
BRDA:44,10,0,0
BRDA:44,10,1,0
BRDA:47,11,0,0
BRDA:47,11,1,0
BRF:24
BRH:0
end_of_record
TN:
SF:src\components\editor\lang-srt.ts
FN:14,(anonymous_0)
FNF:1
FNH:0
FNDA:0,(anonymous_0)
DA:13,0
DA:16,0
DA:19,0
DA:22,0
DA:25,0
DA:28,0
DA:31,0
DA:32,0
LF:8
LH:0
BRDA:16,0,0,0
BRDA:16,0,1,0
BRDA:19,1,0,0
BRDA:19,1,1,0
BRDA:19,2,0,0
BRDA:19,2,1,0
BRDA:22,3,0,0
BRDA:22,3,1,0
BRDA:25,4,0,0
BRDA:25,4,1,0
BRDA:28,5,0,0
BRDA:28,5,1,0
BRF:12
BRH:0
end_of_record
TN:
SF:src\components\episodes\EpisodeActionMenu.tsx
FN:33,deriveFirstEditPath
FN:34,(anonymous_1)
FN:42,EpisodeActionMenu
FN:68,(anonymous_3)
FN:70,(anonymous_4)
FN:76,(anonymous_5)
FN:95,(anonymous_6)
FN:96,(anonymous_7)
FN:113,(anonymous_8)
FN:114,(anonymous_9)
FN:127,(anonymous_10)
FN:131,(anonymous_11)
FN:132,(anonymous_12)
FN:143,(anonymous_13)
FN:143,(anonymous_14)
FN:147,(anonymous_15)
FN:148,(anonymous_16)
FN:163,(anonymous_17)
FN:172,(anonymous_18)
FN:183,(anonymous_19)
FN:188,(anonymous_20)
FN:193,(anonymous_21)
FN:206,(anonymous_22)
FN:212,(anonymous_23)
FN:224,(anonymous_24)
FN:234,(anonymous_25)
FN:245,DropdownItem
FN:261,(anonymous_27)
FN:262,(anonymous_28)
FN:270,DropdownDivider
FNF:30
FNH:0
FNDA:0,deriveFirstEditPath
FNDA:0,(anonymous_1)
FNDA:0,EpisodeActionMenu
FNDA:0,(anonymous_3)
FNDA:0,(anonymous_4)
FNDA:0,(anonymous_5)
FNDA:0,(anonymous_6)
FNDA:0,(anonymous_7)
FNDA:0,(anonymous_8)
FNDA:0,(anonymous_9)
FNDA:0,(anonymous_10)
FNDA:0,(anonymous_11)
FNDA:0,(anonymous_12)
FNDA:0,(anonymous_13)
FNDA:0,(anonymous_14)
FNDA:0,(anonymous_15)
FNDA:0,(anonymous_16)
FNDA:0,(anonymous_17)
FNDA:0,(anonymous_18)
FNDA:0,(anonymous_19)
FNDA:0,(anonymous_20)
FNDA:0,(anonymous_21)
FNDA:0,(anonymous_22)
FNDA:0,(anonymous_23)
FNDA:0,(anonymous_24)
FNDA:0,(anonymous_25)
FNDA:0,DropdownItem
FNDA:0,(anonymous_27)
FNDA:0,(anonymous_28)
FNDA:0,DropdownDivider
DA:34,0
DA:35,0
DA:36,0
DA:37,0
DA:38,0
DA:39,0
DA:63,0
DA:64,0
DA:65,0
DA:68,0
DA:69,0
DA:70,0
DA:71,0
DA:72,0
DA:75,0
DA:76,0
DA:79,0
DA:80,0
DA:81,0
DA:82,0
DA:84,0
DA:85,0
DA:87,0
DA:95,0
DA:96,0
DA:113,0
DA:114,0
DA:127,0
DA:131,0
DA:132,0
DA:143,0
DA:147,0
DA:148,0
DA:163,0
DA:172,0
DA:183,0
DA:188,0
DA:193,0
DA:206,0
DA:212,0
DA:224,0
DA:234,0
DA:256,0
DA:261,0
DA:262,0
DA:271,0
LF:46
LH:0
BRDA:34,0,0,0
BRDA:34,0,1,0
BRDA:35,1,0,0
BRDA:35,1,1,0
BRDA:38,2,0,0
BRDA:38,2,1,0
BRDA:69,3,0,0
BRDA:69,3,1,0
BRDA:71,4,0,0
BRDA:71,4,1,0
BRDA:71,5,0,0
BRDA:71,5,1,0
BRDA:84,6,0,0
BRDA:84,6,1,0
BRDA:85,7,0,0
BRDA:85,7,1,0
BRDA:89,8,0,0
BRDA:89,8,1,0
BRDA:108,9,0,0
BRDA:108,9,1,0
BRDA:108,10,0,0
BRDA:108,10,1,0
BRDA:109,11,0,0
BRDA:109,11,1,0
BRDA:110,12,0,0
BRDA:110,12,1,0
BRDA:110,13,0,0
BRDA:110,13,1,0
BRDA:113,14,0,0
BRDA:113,14,1,0
BRDA:114,15,0,0
BRDA:114,15,1,0
BRDA:114,16,0,0
BRDA:114,16,1,0
BRDA:114,17,0,0
BRDA:114,17,1,0
BRDA:114,18,0,0
BRDA:114,18,1,0
BRDA:116,19,0,0
BRDA:116,19,1,0
BRDA:116,20,0,0
BRDA:116,20,1,0
BRDA:116,20,2,0
BRDA:125,21,0,0
BRDA:125,21,1,0
BRDA:145,22,0,0
BRDA:145,22,1,0
BRDA:145,23,0,0
BRDA:145,23,1,0
BRDA:148,24,0,0
BRDA:148,24,1,0
BRDA:148,25,0,0
BRDA:148,25,1,0
BRDA:153,26,0,0
BRDA:153,26,1,0
BRDA:159,27,0,0
BRDA:159,27,1,0
BRDA:168,28,0,0
BRDA:168,28,1,0
BRDA:177,29,0,0
BRDA:177,29,1,0
BRDA:177,29,2,0
BRDA:199,30,0,0
BRDA:199,30,1,0
BRDA:202,31,0,0
BRDA:202,31,1,0
BRDA:202,31,2,0
BRDA:218,32,0,0
BRDA:218,32,1,0
BRDA:230,33,0,0
BRDA:230,33,1,0
BRDA:232,34,0,0
BRDA:232,34,1,0
BRDA:232,35,0,0
BRDA:232,35,1,0
BRDA:232,35,2,0
BRDA:235,36,0,0
BRDA:235,36,1,0
BRDA:249,37,0,0
BRDA:260,38,0,0
BRDA:260,38,1,0
BRDA:262,39,0,0
BRDA:262,39,1,0
BRDA:276,40,0,0
BRDA:276,40,1,0
BRF:85
BRH:0
end_of_record
TN:
SF:src\components\filters\FilterBar.tsx
FN:32,FilterBar
FN:38,(anonymous_1)
FN:39,(anonymous_2)
FN:41,(anonymous_3)
FN:43,(anonymous_4)
FN:44,(anonymous_5)
FN:46,(anonymous_6)
FN:57,(anonymous_7)
FN:65,(anonymous_8)
FN:77,(anonymous_9)
FN:77,(anonymous_10)
FN:88,(anonymous_11)
FN:91,(anonymous_12)
FN:95,(anonymous_13)
FN:96,(anonymous_14)
FN:101,(anonymous_15)
FN:107,(anonymous_16)
FN:114,(anonymous_17)
FN:115,(anonymous_18)
FN:138,(anonymous_19)
FNF:20
FNH:0
FNDA:0,FilterBar
FNDA:0,(anonymous_1)
FNDA:0,(anonymous_2)
FNDA:0,(anonymous_3)
FNDA:0,(anonymous_4)
FNDA:0,(anonymous_5)
FNDA:0,(anonymous_6)
FNDA:0,(anonymous_7)
FNDA:0,(anonymous_8)
FNDA:0,(anonymous_9)
FNDA:0,(anonymous_10)
FNDA:0,(anonymous_11)
FNDA:0,(anonymous_12)
FNDA:0,(anonymous_13)
FNDA:0,(anonymous_14)
FNDA:0,(anonymous_15)
FNDA:0,(anonymous_16)
FNDA:0,(anonymous_17)
FNDA:0,(anonymous_18)
FNDA:0,(anonymous_19)
DA:33,0
DA:34,0
DA:35,0
DA:36,0
DA:38,0
DA:39,0
DA:41,0
DA:43,0
DA:44,0
DA:45,0
DA:46,0
DA:47,0
DA:48,0
DA:49,0
DA:50,0
DA:53,0
DA:58,0
DA:65,0
DA:77,0
DA:88,0
DA:92,0
DA:96,0
DA:97,0
DA:102,0
DA:103,0
DA:107,0
DA:114,0
DA:115,0
LF:28
LH:0
BRDA:45,0,0,0
BRDA:45,0,1,0
BRDA:45,1,0,0
BRDA:45,1,1,0
BRDA:54,2,0,0
BRDA:54,2,1,0
BRDA:83,3,0,0
BRDA:83,3,1,0
BRDA:95,4,0,0
BRDA:95,4,1,0
BRDA:97,5,0,0
BRDA:97,5,1,0
BRDA:103,6,0,0
BRDA:103,6,1,0
BRDA:111,7,0,0
BRDA:111,7,1,0
BRDA:115,8,0,0
BRDA:115,8,1,0
BRDA:115,9,0,0
BRDA:115,9,1,0
BRDA:125,10,0,0
BRDA:125,10,1,0
BRDA:138,11,0,0
BRDA:138,11,1,0
BRF:24
BRH:0
end_of_record
TN:
SF:src\components\filters\FilterPresetMenu.tsx
FN:13,FilterPresetMenu
FN:22,(anonymous_1)
FN:26,(anonymous_2)
FN:40,(anonymous_3)
FN:40,(anonymous_4)
FN:54,(anonymous_5)
FN:57,(anonymous_6)
FN:63,(anonymous_7)
FN:79,(anonymous_8)
FN:80,(anonymous_9)
FN:84,(anonymous_10)
FN:90,(anonymous_11)
FNF:12
FNH:0
FNDA:0,FilterPresetMenu
FNDA:0,(anonymous_1)
FNDA:0,(anonymous_2)
FNDA:0,(anonymous_3)
FNDA:0,(anonymous_4)
FNDA:0,(anonymous_5)
FNDA:0,(anonymous_6)
FNDA:0,(anonymous_7)
FNDA:0,(anonymous_8)
FNDA:0,(anonymous_9)
FNDA:0,(anonymous_10)
FNDA:0,(anonymous_11)
DA:14,0
DA:15,0
DA:16,0
DA:17,0
DA:18,0
DA:19,0
DA:20,0
DA:22,0
DA:23,0
DA:24,0
DA:26,0
DA:32,0
DA:33,0
DA:34,0
DA:37,0
DA:40,0
DA:55,0
DA:57,0
DA:63,0
DA:79,0
DA:80,0
DA:84,0
DA:90,0
LF:23
LH:0
BRDA:18,0,0,0
BRDA:23,1,0,0
BRDA:23,1,1,0
BRDA:49,2,0,0
BRDA:49,2,1,0
BRDA:51,3,0,0
BRDA:51,3,1,0
BRDA:51,3,2,0
BRDA:73,4,0,0
BRDA:73,4,1,0
BRDA:80,5,0,0
BRDA:80,5,1,0
BRF:12
BRH:0
end_of_record
TN:
SF:src\components\health\HealthBadge.tsx
FN:8,getScoreColor
FN:14,HealthBadge
FNF:2
FNH:0
FNDA:0,getScoreColor
FNDA:0,HealthBadge
DA:9,0
DA:10,0
DA:11,0
DA:15,0
DA:17,0
DA:18,0
DA:34,0
DA:50,0
DA:52,0
DA:53,0
DA:69,0
LF:11
LH:0
BRDA:9,0,0,0
BRDA:9,0,1,0
BRDA:10,1,0,0
BRDA:10,1,1,0
BRDA:14,2,0,0
BRDA:15,3,0,0
BRDA:15,3,1,0
BRDA:17,4,0,0
BRDA:17,4,1,0
BRDA:52,5,0,0
BRDA:52,5,1,0
BRF:11
BRH:0
end_of_record
TN:
SF:src\components\health\HealthCheckPanel.tsx
FN:17,severityIcon
FN:28,severityOrder
FN:36,HealthCheckPanel
FN:44,(anonymous_3)
FN:47,(anonymous_4)
FN:48,(anonymous_5)
FN:48,(anonymous_6)
FN:50,(anonymous_7)
FN:55,(anonymous_8)
FN:60,(anonymous_9)
FN:67,(anonymous_10)
FN:71,(anonymous_11)
FN:77,(anonymous_12)
FN:110,(anonymous_13)
FN:115,(anonymous_14)
FN:116,(anonymous_15)
FN:126,(anonymous_16)
FN:127,(anonymous_17)
FN:156,(anonymous_18)
FN:176,(anonymous_19)
FN:195,(anonymous_20)
FN:213,(anonymous_21)
FN:240,(anonymous_22)
FN:245,(anonymous_23)
FN:246,(anonymous_24)
FNF:25
FNH:0
FNDA:0,severityIcon
FNDA:0,severityOrder
FNDA:0,HealthCheckPanel
FNDA:0,(anonymous_3)
FNDA:0,(anonymous_4)
FNDA:0,(anonymous_5)
FNDA:0,(anonymous_6)
FNDA:0,(anonymous_7)
FNDA:0,(anonymous_8)
FNDA:0,(anonymous_9)
FNDA:0,(anonymous_10)
FNDA:0,(anonymous_11)
FNDA:0,(anonymous_12)
FNDA:0,(anonymous_13)
FNDA:0,(anonymous_14)
FNDA:0,(anonymous_15)
[...]
FN:18,(anonymous_2)
FN:22,(anonymous_3)
FN:37,(anonymous_4)
FNF:5
FNH:1
FNDA:8,OllamaPullSection
FNDA:0,(anonymous_1)
FNDA:0,(anonymous_2)
FNDA:0,(anonymous_3)
FNDA:0,(anonymous_4)
DA:10,8
DA:11,8
DA:12,8
DA:14,8
DA:15,0
DA:16,0
DA:17,0
DA:19,0
DA:20,0
DA:23,0
DA:24,0
DA:29,8
DA:37,0
LF:13
LH:5
BRDA:15,0,0,0
BRDA:15,0,1,0
BRDA:19,1,0,0
BRDA:19,1,1,0
BRDA:52,2,0,8
BRDA:52,2,1,8
BRDA:61,3,0,8
BRDA:61,3,1,0
BRDA:61,4,0,8
BRDA:61,4,1,8
BRDA:62,5,0,8
BRDA:62,5,1,0
BRDA:62,6,0,8
BRDA:62,6,1,8
BRDA:65,7,0,8
BRDA:65,7,1,0
BRF:16
BRH:9
end_of_record
TN:
SF:src\pages\Settings\translation\PromptPresetsTab.tsx
FN:10,PromptPresetsTab
FN:21,(anonymous_1)
FN:27,(anonymous_2)
FN:37,(anonymous_3)
FN:47,(anonymous_4)
FN:51,(anonymous_5)
FN:56,(anonymous_6)
FN:60,(anonymous_7)
FN:65,(anonymous_8)
FN:68,(anonymous_9)
FN:69,(anonymous_10)
FN:93,(anonymous_11)
FN:118,(anonymous_12)
FN:118,(anonymous_13)
FN:129,(anonymous_14)
FN:129,(anonymous_15)
FN:144,(anonymous_16)
FN:144,(anonymous_17)
FN:170,(anonymous_18)
FN:190,(anonymous_19)
FN:199,(anonymous_20)
FN:215,(anonymous_21)
FN:215,(anonymous_22)
FN:225,(anonymous_23)
FN:225,(anonymous_24)
FN:240,(anonymous_25)
FN:240,(anonymous_26)
FNF:27
FNH:0
FNDA:0,PromptPresetsTab
FNDA:0,(anonymous_1)
FNDA:0,(anonymous_2)
FNDA:0,(anonymous_3)
FNDA:0,(anonymous_4)
FNDA:0,(anonymous_5)
FNDA:0,(anonymous_6)
FNDA:0,(anonymous_7)
FNDA:0,(anonymous_8)
FNDA:0,(anonymous_9)
FNDA:0,(anonymous_10)
FNDA:0,(anonymous_11)
FNDA:0,(anonymous_12)
FNDA:0,(anonymous_13)
FNDA:0,(anonymous_14)
FNDA:0,(anonymous_15)
FNDA:0,(anonymous_16)
FNDA:0,(anonymous_17)
FNDA:0,(anonymous_18)
FNDA:0,(anonymous_19)
FNDA:0,(anonymous_20)
FNDA:0,(anonymous_21)
FNDA:0,(anonymous_22)
FNDA:0,(anonymous_23)
FNDA:0,(anonymous_24)
FNDA:0,(anonymous_25)
FNDA:0,(anonymous_26)
DA:11,0
DA:12,0
DA:13,0
DA:14,0
DA:15,0
DA:16,0
DA:17,0
DA:19,0
DA:21,0
DA:22,0
DA:23,0
DA:24,0
DA:27,0
DA:28,0
DA:29,0
DA:34,0
DA:37,0
DA:38,0
DA:39,0
DA:40,0
DA:43,0
DA:44,0
DA:48,0
DA:49,0
DA:51,0
DA:55,0
DA:57,0
DA:58,0
DA:60,0
DA:65,0
DA:66,0
DA:67,0
DA:68,0
DA:69,0
DA:73,0
DA:74,0
DA:81,0
DA:94,0
DA:95,0
DA:118,0
DA:129,0
DA:144,0
DA:171,0
DA:190,0
DA:199,0
DA:215,0
DA:225,0
DA:240,0
LF:48
LH:0
BRDA:19,0,0,0
BRDA:19,0,1,0
BRDA:38,1,0,0
BRDA:38,1,1,0
BRDA:38,2,0,0
BRDA:38,2,1,0
BRDA:43,3,0,0
BRDA:43,3,1,0
BRDA:66,4,0,0
BRDA:66,4,1,0
BRDA:73,5,0,0
BRDA:73,5,1,0
BRDA:105,6,0,0
BRDA:105,6,1,0
BRDA:111,7,0,0
BRDA:111,7,1,0
BRDA:152,8,0,0
BRDA:152,8,1,0
BRDA:156,9,0,0
BRDA:156,9,1,0
BRDA:156,10,0,0
BRDA:156,10,1,0
BRDA:179,11,0,0
BRDA:179,11,1,0
BRDA:197,12,0,0
BRDA:197,12,1,0
BRDA:210,13,0,0
BRDA:210,13,1,0
BRDA:251,14,0,0
BRDA:251,14,1,0
BRDA:279,15,0,0
BRDA:279,15,1,0
BRDA:279,15,2,0
BRF:33
BRH:0
end_of_record
TN:
SF:src\pages\Settings\translation\TemplatePickerModal.tsx
FN:6,TemplatePickerModal
FN:25,(anonymous_1)
FN:61,(anonymous_2)
FN:64,(anonymous_3)
FN:77,(anonymous_4)
FN:81,(anonymous_5)
FNF:6
FNH:0
FNDA:0,TemplatePickerModal
FNDA:0,(anonymous_1)
FNDA:0,(anonymous_2)
FNDA:0,(anonymous_3)
FNDA:0,(anonymous_4)
FNDA:0,(anonymous_5)
DA:13,0
DA:14,0
DA:16,0
DA:25,0
DA:62,0
DA:66,0
DA:67,0
DA:68,0
DA:70,0
DA:78,0
DA:79,0
DA:82,0
DA:83,0
LF:13
LH:0
BRDA:14,0,0,0
BRDA:14,0,1,0
BRDA:49,1,0,0
BRDA:49,1,1,0
BRDA:55,2,0,0
BRDA:55,2,1,0
BRDA:55,2,2,0
BRF:7
BRH:0
end_of_record
TN:
SF:src\pages\Settings\translation\TranslationBackendsTab.tsx
FN:17,ContextWindowSizeRow
FN:22,(anonymous_1)
FN:24,(anonymous_2)
FN:42,(anonymous_3)
FN:59,DefaultSyncEngineRow
FN:64,(anonymous_5)
FN:68,(anonymous_6)
FN:69,(anonymous_7)
FN:82,(anonymous_8)
FN:98,AutoSyncSection
FN:105,(anonymous_10)
FN:109,(anonymous_11)
FN:110,(anonymous_12)
FN:115,(anonymous_13)
FN:119,(anonymous_14)
FN:120,(anonymous_15)
FN:145,(anonymous_16)
FN:164,EpisodeContextSection
FN:202,(anonymous_18)
FN:212,(anonymous_19)
FN:229,(anonymous_20)
FN:243,(anonymous_21)
FN:252,(anonymous_22)
FN:263,TranslationBackendsTab
FN:277,(anonymous_24)
FN:278,(anonymous_25)
FN:280,(anonymous_26)
FN:286,(anonymous_27)
FN:287,(anonymous_28)
FN:293,(anonymous_29)
FN:299,(anonymous_30)
FN:300,(anonymous_31)
FN:314,(anonymous_32)
FN:315,(anonymous_33)
FN:317,(anonymous_34)
FN:318,(anonymous_35)
FN:325,(anonymous_36)
FN:326,(anonymous_37)
FN:332,(anonymous_38)
FN:337,(anonymous_39)
FN:340,(anonymous_40)
FN:359,(anonymous_41)
FN:369,(anonymous_42)
FN:376,(anonymous_43)
FN:380,(anonymous_44)
FN:390,(anonymous_45)
FN:395,(anonymous_46)
FN:437,(anonymous_47)
FN:463,(anonymous_48)
FNF:49
FNH:8
FNDA:0,ContextWindowSizeRow
FNDA:0,(anonymous_1)
FNDA:0,(anonymous_2)
FNDA:0,(anonymous_3)
FNDA:0,DefaultSyncEngineRow
FNDA:0,(anonymous_5)
FNDA:0,(anonymous_6)
FNDA:0,(anonymous_7)
FNDA:0,(anonymous_8)
FNDA:2,AutoSyncSection
FNDA:0,(anonymous_10)
FNDA:0,(anonymous_11)
FNDA:0,(anonymous_12)
FNDA:0,(anonymous_13)
FNDA:0,(anonymous_14)
FNDA:0,(anonymous_15)
FNDA:0,(anonymous_16)
FNDA:0,EpisodeContextSection
FNDA:0,(anonymous_18)
FNDA:0,(anonymous_19)
FNDA:0,(anonymous_20)
FNDA:0,(anonymous_21)
FNDA:0,(anonymous_22)
FNDA:10,TranslationBackendsTab
FNDA:6,(anonymous_24)
FNDA:6,(anonymous_25)
FNDA:1,(anonymous_26)
FNDA:0,(anonymous_27)
FNDA:0,(anonymous_28)
FNDA:1,(anonymous_29)
FNDA:0,(anonymous_30)
FNDA:0,(anonymous_31)
FNDA:0,(anonymous_32)
FNDA:0,(anonymous_33)
FNDA:0,(anonymous_34)
FNDA:0,(anonymous_35)
FNDA:0,(anonymous_36)
FNDA:0,(anonymous_37)
FNDA:0,(anonymous_38)
FNDA:0,(anonymous_39)
FNDA:0,(anonymous_40)
FNDA:0,(anonymous_41)
FNDA:0,(anonymous_42)
FNDA:0,(anonymous_43)
FNDA:0,(anonymous_44)
FNDA:0,(anonymous_45)
FNDA:0,(anonymous_46)
FNDA:1,(anonymous_47)
FNDA:1,(anonymous_48)
DA:18,0
DA:19,0
DA:22,0
DA:24,0
DA:25,0
DA:26,0
DA:27,0
DA:31,0
DA:42,0
DA:60,0
DA:61,0
DA:62,0
DA:64,0
DA:65,0
DA:68,0
DA:69,0
DA:74,0
DA:82,0
DA:99,2
DA:100,2
DA:102,2
DA:103,2
DA:105,2
DA:106,0
DA:109,0
DA:110,0
DA:115,2
DA:116,0
DA:119,0
DA:120,0
DA:125,2
DA:145,0
DA:165,0
DA:166,0
DA:168,0
DA:170,0
DA:171,0
DA:173,0
DA:175,0
DA:186,0
DA:203,0
DA:213,0
DA:230,0
DA:244,0
DA:253,0
DA:264,10
DA:265,10
DA:266,10
DA:267,10
DA:268,10
DA:269,10
DA:270,10
DA:271,10
DA:273,10
DA:274,10
DA:275,10
DA:276,10
DA:277,10
DA:278,10
DA:280,10
DA:281,1
DA:282,1
DA:283,1
DA:286,0
DA:287,0
DA:293,10
DA:294,1
DA:295,1
DA:296,1
DA:299,0
DA:300,0
DA:306,10
DA:307,10
DA:308,10
DA:309,10
DA:310,0
DA:314,10
DA:315,0
DA:316,0
DA:318,0
DA:319,0
DA:320,0
DA:322,0
DA:326,0
DA:327,0
DA:332,10
DA:333,0
DA:334,0
DA:338,0
DA:341,0
DA:347,10
DA:348,0
DA:355,10
DA:359,0
DA:369,0
DA:377,0
DA:378,0
DA:381,0
DA:382,0
DA:391,0
DA:395,0
DA:438,1
DA:439,1
DA:464,1
DA:465,1
LF:105
LH:41
BRDA:26,0,0,0
BRDA:26,0,1,0
BRDA:42,1,0,0
BRDA:42,1,1,0
BRDA:62,2,0,0
BRDA:62,2,1,0
BRDA:62,3,0,0
BRDA:62,3,1,0
BRDA:102,4,0,2
BRDA:102,4,1,0
BRDA:102,5,0,2
BRDA:102,5,1,2
BRDA:103,6,0,2
BRDA:103,6,1,0
BRDA:103,7,0,2
BRDA:103,7,1,0
BRDA:137,8,0,2
BRDA:137,8,1,0
BRDA:170,9,0,0
BRDA:170,9,1,0
BRDA:171,10,0,0
BRDA:171,10,1,0
BRDA:173,11,0,0
BRDA:173,11,1,0
BRDA:218,12,0,0
BRDA:218,12,1,0
BRDA:273,13,0,10
BRDA:273,13,1,0
BRDA:273,14,0,10
BRDA:273,14,1,0
BRDA:274,15,0,10
BRDA:274,15,1,0
BRDA:274,16,0,10
BRDA:274,16,1,0
BRDA:282,17,0,1
BRDA:282,17,1,0
BRDA:295,18,0,1
BRDA:295,18,1,0
BRDA:306,19,0,10
BRDA:306,19,1,0
BRDA:308,20,0,10
BRDA:308,20,1,0
BRDA:319,21,0,0
BRDA:319,21,1,0
BRDA:347,22,0,0
BRDA:347,22,1,10
BRDA:357,23,0,10
BRDA:357,23,1,0
BRDA:400,24,0,10
BRDA:400,24,1,10
BRDA:439,25,0,1
BRDA:439,25,1,0
BRDA:465,26,0,1
BRDA:465,26,1,0
BRF:54
BRH:20
end_of_record
TN:
SF:src\pages\Settings\translation\TranslationMemorySection.tsx
FN:11,TranslationMemorySection
FN:28,(anonymous_1)
FN:32,(anonymous_2)
FN:36,(anonymous_3)
FN:37,(anonymous_4)
FN:42,(anonymous_5)
FN:49,(anonymous_6)
FN:50,(anonymous_7)
FN:56,(anonymous_8)
FN:58,(anonymous_9)
FN:59,(anonymous_10)
FN:102,(anonymous_11)
FN:120,(anonymous_12)
FN:130,(anonymous_13)
FN:135,(anonymous_14)
FN:159,(anonymous_15)
FN:160,(anonymous_16)
FNF:17
FNH:0
FNDA:0,TranslationMemorySection
FNDA:0,(anonymous_1)
FNDA:0,(anonymous_2)
FNDA:0,(anonymous_3)
FNDA:0,(anonymous_4)
FNDA:0,(anonymous_5)
FNDA:0,(anonymous_6)
FNDA:0,(anonymous_7)
FNDA:0,(anonymous_8)
FNDA:0,(anonymous_9)
FNDA:0,(anonymous_10)
FNDA:0,(anonymous_11)
FNDA:0,(anonymous_12)
FNDA:0,(anonymous_13)
FNDA:0,(anonymous_14)
FNDA:0,(anonymous_15)
FNDA:0,(anonymous_16)
DA:12,0
DA:13,0
DA:14,0
DA:15,0
DA:16,0
DA:18,0
DA:22,0
DA:26,0
DA:28,0
DA:29,0
DA:32,0
DA:33,0
DA:36,0
DA:37,0
DA:42,0
DA:43,0
DA:44,0
DA:45,0
DA:46,0
DA:49,0
DA:50,0
DA:56,0
DA:57,0
DA:58,0
DA:59,0
DA:63,0
DA:103,0
DA:104,0
DA:120,0
DA:131,0
DA:132,0
DA:136,0
DA:159,0
DA:160,0
LF:34
LH:0
BRDA:18,0,0,0
BRDA:18,0,1,0
BRDA:22,1,0,0
BRDA:22,1,1,0
BRDA:23,2,0,0
BRDA:23,2,1,0
BRDA:45,3,0,0
BRDA:45,3,1,0
BRDA:73,4,0,0
BRDA:73,4,1,0
BRDA:73,4,2,0
BRDA:75,5,0,0
BRDA:75,5,1,0
BRDA:101,6,0,0
BRDA:101,6,1,0
BRDA:104,7,0,0
BRDA:104,7,1,0
BRDA:113,8,0,0
BRDA:113,8,1,0
BRDA:121,9,0,0
BRDA:121,9,1,0
BRDA:121,10,0,0
BRDA:121,10,1,0
BRDA:127,11,0,0
BRDA:127,11,1,0
BRDA:127,12,0,0
BRDA:127,12,1,0
BRDA:127,13,0,0
BRDA:127,13,1,0
BRDA:128,14,0,0
BRDA:128,14,1,0
BRDA:128,15,0,0
BRDA:128,15,1,0
BRDA:128,16,0,0
BRDA:128,16,1,0
BRDA:131,17,0,0
BRDA:131,17,1,0
BRDA:139,18,0,0
BRDA:139,18,1,0
BRDA:146,19,0,0
BRDA:146,19,1,0
BRDA:146,19,2,0
BRDA:148,20,0,0
BRDA:148,20,1,0
BRDA:150,21,0,0
BRDA:150,21,1,0
BRF:46
BRH:0
end_of_record
TN:
SF:src\pages\Settings\translation\TranslationQualitySection.tsx
FN:10,TranslationQualitySection
FN:39,(anonymous_1)
FN:40,(anonymous_2)
FN:41,(anonymous_3)
FN:42,(anonymous_4)
FN:44,(anonymous_5)
FN:48,(anonymous_6)
FN:49,(anonymous_7)
FN:54,(anonymous_8)
FN:60,(anonymous_9)
FN:61,(anonymous_10)
FN:67,(anonymous_11)
FN:73,(anonymous_12)
FN:74,(anonymous_13)
FN:80,(anonymous_14)
FN:86,(anonymous_15)
FN:87,(anonymous_16)
FN:93,(anonymous_17)
FN:99,(anonymous_18)
FN:100,(anonymous_19)
FN:144,(anonymous_20)
FN:171,(anonymous_21)
FN:199,(anonymous_22)
FN:226,(anonymous_23)
FNF:24
FNH:9
FNDA:10,TranslationQualitySection
FNDA:6,(anonymous_1)
FNDA:6,(anonymous_2)
FNDA:6,(anonymous_3)
FNDA:6,(anonymous_4)
FNDA:0,(anonymous_5)
FNDA:0,(anonymous_6)
FNDA:0,(anonymous_7)
FNDA:0,(anonymous_8)
FNDA:0,(anonymous_9)
FNDA:0,(anonymous_10)
FNDA:0,(anonymous_11)
FNDA:0,(anonymous_12)
FNDA:0,(anonymous_13)
FNDA:1,(anonymous_14)
FNDA:0,(anonymous_15)
FNDA:0,(anonymous_16)
FNDA:1,(anonymous_17)
FNDA:0,(anonymous_18)
FNDA:0,(anonymous_19)
FNDA:0,(anonymous_20)
FNDA:0,(anonymous_21)
FNDA:1,(anonymous_22)
FNDA:1,(anonymous_23)
DA:11,10
DA:12,10
DA:14,10
DA:18,10
DA:22,10
DA:26,10
DA:30,10
DA:34,10
DA:35,10
DA:36,10
DA:37,10
DA:39,10
DA:40,10
DA:41,10
DA:42,10
DA:44,10
DA:45,0
DA:48,0
DA:49,0
DA:54,10
DA:55,0
DA:56,0
DA:57,0
DA:60,0
DA:61,0
DA:67,10
DA:68,0
DA:69,0
DA:70,0
DA:73,0
DA:74,0
DA:80,10
DA:81,1
DA:82,1
DA:83,1
DA:86,0
DA:87,0
DA:93,10
DA:94,1
DA:95,1
DA:96,1
DA:99,0
DA:100,0
DA:106,10
DA:145,0
DA:146,0
DA:172,0
DA:173,0
DA:200,1
DA:201,1
DA:227,1
DA:228,1
LF:52
LH:31
BRDA:14,0,0,10
BRDA:14,0,1,0
BRDA:18,1,0,10
BRDA:18,1,1,0
BRDA:19,2,0,10
BRDA:19,2,1,0
BRDA:22,3,0,10
BRDA:22,3,1,0
BRDA:23,4,0,10
BRDA:23,4,1,0
BRDA:26,5,0,10
BRDA:26,5,1,0
BRDA:27,6,0,10
BRDA:27,6,1,0
BRDA:30,7,0,10
BRDA:30,7,1,0
BRDA:31,8,0,10
BRDA:31,8,1,0
BRDA:56,9,0,0
BRDA:56,9,1,0
BRDA:69,10,0,0
BRDA:69,10,1,0
BRDA:82,11,0,1
BRDA:82,11,1,0
BRDA:95,12,0,1
BRDA:95,12,1,0
BRDA:143,13,0,10
BRDA:143,13,1,10
BRDA:146,14,0,0
BRDA:146,14,1,0
BRDA:155,15,0,10
BRDA:155,15,1,0
BRDA:170,16,0,10
BRDA:170,16,1,10
BRDA:173,17,0,0
BRDA:173,17,1,0
BRDA:182,18,0,10
BRDA:182,18,1,0
BRDA:201,19,0,1
BRDA:201,19,1,0
BRDA:228,20,0,1
BRDA:228,20,1,0
BRF:42
BRH:19
end_of_record
TN:
SF:src\pages\wanted\WantedFilterPanel.tsx
FN:20,SummaryCard
FN:77,WantedFilterPanel
FN:107,(anonymous_2)
FN:110,(anonymous_3)
FN:111,(anonymous_4)
FN:112,(anonymous_5)
FN:132,(anonymous_6)
FN:137,(anonymous_7)
FN:151,(anonymous_8)
FN:156,(anonymous_9)
FN:171,(anonymous_10)
FN:176,(anonymous_11)
FN:194,(anonymous_12)
FN:204,(anonymous_13)
FN:209,(anonymous_14)
FN:226,(anonymous_15)
FN:251,(anonymous_16)
FN:267,(anonymous_17)
FN:275,(anonymous_18)
FN:280,(anonymous_19)
FNF:20
FNH:5
FNDA:20,SummaryCard
FNDA:5,WantedFilterPanel
FNDA:0,(anonymous_2)
FNDA:0,(anonymous_3)
FNDA:0,(anonymous_4)
FNDA:0,(anonymous_5)
FNDA:25,(anonymous_6)
FNDA:0,(anonymous_7)
FNDA:15,(anonymous_8)
FNDA:0,(anonymous_9)
FNDA:0,(anonymous_10)
FNDA:0,(anonymous_11)
FNDA:0,(anonymous_12)
FNDA:0,(anonymous_13)
FNDA:0,(anonymous_14)
FNDA:0,(anonymous_15)
FNDA:0,(anonymous_16)
FNDA:0,(anonymous_17)
FNDA:25,(anonymous_18)
FNDA:0,(anonymous_19)
DA:8,2
DA:9,2
DA:10,2
DA:12,2
DA:26,20
DA:105,5
DA:107,5
DA:108,0
DA:109,0
DA:110,0
DA:112,0
DA:113,0
DA:115,0
DA:119,5
DA:133,25
DA:134,25
DA:137,0
DA:152,15
DA:153,15
DA:156,0
DA:172,0
DA:173,0
DA:176,0
DA:194,0
DA:205,0
DA:206,0
DA:209,0
DA:226,0
DA:251,0
DA:267,0
DA:276,25
DA:280,0
LF:32
LH:13
BRDA:108,0,0,0
BRDA:108,0,1,0
BRDA:113,1,0,0
BRDA:113,1,1,0
BRDA:133,2,0,25
BRDA:133,2,1,5
BRDA:133,2,2,20
BRDA:137,3,0,0
BRDA:137,3,1,0
BRDA:140,4,0,5
BRDA:140,4,1,20
BRDA:141,5,0,5
BRDA:141,5,1,20
BRDA:142,6,0,5
BRDA:142,6,1,20
BRDA:152,7,0,15
BRDA:152,7,1,5
BRDA:152,7,2,10
BRDA:156,8,0,0
BRDA:156,8,1,0
BRDA:159,9,0,5
BRDA:159,9,1,10
BRDA:160,10,0,5
BRDA:160,10,1,10
BRDA:161,11,0,5
BRDA:161,11,1,10
BRDA:164,12,0,5
BRDA:164,12,1,10
BRDA:169,13,0,5
BRDA:169,13,1,0
BRDA:172,14,0,0
BRDA:172,14,1,0
BRDA:172,14,2,0
BRDA:176,15,0,0
BRDA:176,15,1,0
BRDA:179,16,0,0
BRDA:179,16,1,0
BRDA:180,17,0,0
BRDA:180,17,1,0
BRDA:181,18,0,0
BRDA:181,18,1,0
BRDA:184,19,0,0
BRDA:184,19,1,0
BRDA:185,20,0,0
BRDA:185,20,1,0
BRDA:191,21,0,5
BRDA:191,21,1,0
BRDA:197,22,0,0
BRDA:197,22,1,0
BRDA:198,23,0,0
BRDA:198,23,1,0
BRDA:199,24,0,0
BRDA:199,24,1,0
BRDA:209,25,0,0
BRDA:209,25,1,0
BRDA:212,26,0,0
BRDA:212,26,1,0
BRDA:213,27,0,0
BRDA:213,27,1,0
BRDA:214,28,0,0
BRDA:214,28,1,0
BRDA:224,29,0,5
BRDA:224,29,1,0
BRDA:229,30,0,0
BRDA:229,30,1,0
BRDA:230,31,0,0
BRDA:230,31,1,0
BRDA:231,32,0,0
BRDA:231,32,1,0
BRDA:280,33,0,0
BRDA:280,33,1,0
BRDA:282,34,0,0
BRDA:282,34,1,5
BRDA:289,35,0,0
BRDA:289,35,1,5
BRF:75
BRH:25
end_of_record
TN:
SF:src\pages\wanted\WantedTableRow.tsx
FN:19,ScoreBadge
FN:31,SearchResultsRow
FN:48,(anonymous_2)
FN:49,(anonymous_3)
FN:79,(anonymous_4)
FN:121,(anonymous_5)
FN:125,(anonymous_6)
FN:126,(anonymous_7)
FN:185,deriveSubtitlePath
FN:191,WantedTableRow
FN:223,(anonymous_10)
FN:224,(anonymous_11)
FN:228,(anonymous_12)
FN:342,(anonymous_13)
FN:346,(anonymous_14)
FN:347,(anonymous_15)
FN:354,(anonymous_16)
FN:359,(anonymous_17)
FN:360,(anonymous_18)
FN:371,(anonymous_19)
FN:376,(anonymous_20)
FN:377,(anonymous_21)
FN:383,(anonymous_22)
FN:387,(anonymous_23)
FN:388,(anonymous_24)
FN:394,(anonymous_25)
FN:399,(anonymous_26)
FN:400,(anonymous_27)
FN:406,(anonymous_28)
FN:411,(anonymous_29)
FN:412,(anonymous_30)
FN:418,(anonymous_31)
FN:422,(anonymous_32)
FN:423,(anonymous_33)
FN:436,(anonymous_34)
FNF:35
FNH:0
FNDA:0,ScoreBadge
FNDA:0,SearchResultsRow
FNDA:0,(anonymous_2)
FNDA:0,(anonymous_3)
FNDA:0,(anonymous_4)
FNDA:0,(anonymous_5)
FNDA:0,(anonymous_6)
FNDA:0,(anonymous_7)
FNDA:0,deriveSubtitlePath
FNDA:0,WantedTableRow
FNDA:0,(anonymous_10)
FNDA:0,(anonymous_11)
FNDA:0,(anonymous_12)
FNDA:0,(anonymous_13)
FNDA:0,(anonymous_14)
FNDA:0,(anonymous_15)
FNDA:0,(anonymous_16)
FNDA:0,(anonymous_17)
FNDA:0,(anonymous_18)
FNDA:0,(anonymous_19)
FNDA:0,(anonymous_20)
FNDA:0,(anonymous_21)
FNDA:0,(anonymous_22)
FNDA:0,(anonymous_23)
FNDA:0,(anonymous_24)
FNDA:0,(anonymous_25)
FNDA:0,(anonymous_26)
FNDA:0,(anonymous_27)
FNDA:0,(anonymous_28)
FNDA:0,(anonymous_29)
FNDA:0,(anonymous_30)
FNDA:0,(anonymous_31)
FNDA:0,(anonymous_32)
FNDA:0,(anonymous_33)
FNDA:0,(anonymous_34)
DA:20,0
DA:21,0
DA:32,0
DA:33,0
DA:45,0
DA:47,0
DA:48,0
DA:49,0
DA:52,0
DA:53,0
DA:62,0
DA:80,0
DA:121,0
DA:125,0
DA:126,0
DA:186,0
DA:187,0
DA:188,0
DA:215,0
DA:217,0
DA:223,0
DA:224,0
DA:229,0
DA:230,0
DA:342,0
DA:346,0
DA:347,0
DA:354,0
DA:359,0
DA:361,0
DA:371,0
DA:376,0
DA:377,0
DA:383,0
DA:387,0
DA:388,0
DA:394,0
DA:399,0
DA:400,0
DA:406,0
DA:411,0
DA:412,0
DA:418,0
DA:422,0
DA:423,0
DA:437,0
LF:46
LH:0
BRDA:20,0,0,0
BRDA:20,0,1,0
BRDA:20,1,0,0
BRDA:20,1,1,0
BRDA:32,2,0,0
BRDA:32,2,1,0
BRDA:45,3,0,0
BRDA:45,3,1,0
BRDA:48,4,0,0
BRDA:48,4,1,0
BRDA:49,5,0,0
BRDA:49,5,1,0
BRDA:52,6,0,0
BRDA:52,6,1,0
BRDA:82,7,0,0
BRDA:82,7,1,0
BRDA:91,8,0,0
BRDA:91,8,1,0
BRDA:92,9,0,0
BRDA:92,9,1,0
BRDA:95,10,0,0
BRDA:95,10,1,0
BRDA:102,11,0,0
BRDA:102,11,1,0
BRDA:103,12,0,0
BRDA:103,12,1,0
BRDA:113,13,0,0
BRDA:113,13,1,0
BRDA:114,14,0,0
BRDA:114,14,1,0
BRDA:114,14,2,0
BRDA:187,15,0,0
BRDA:187,15,1,0
BRDA:235,16,0,0
BRDA:235,16,1,0
BRDA:248,17,0,0
BRDA:248,17,1,0
BRDA:250,18,0,0
BRDA:250,18,1,0
BRDA:262,19,0,0
BRDA:262,19,1,0
BRDA:278,20,0,0
BRDA:278,20,1,0
BRDA:278,21,0,0
BRDA:278,21,1,0
BRDA:287,22,0,0
BRDA:287,22,1,0
BRDA:302,23,0,0
BRDA:302,23,1,0
BRDA:305,24,0,0
BRDA:305,24,1,0
BRDA:307,25,0,0
BRDA:307,25,1,0
BRDA:330,26,0,0
BRDA:330,26,1,0
BRDA:336,27,0,0
BRDA:336,27,1,0
BRDA:340,28,0,0
BRDA:340,28,1,0
BRDA:340,28,2,0
BRDA:340,28,3,0
BRDA:340,28,4,0
BRDA:355,29,0,0
BRDA:355,29,1,0
BRDA:358,30,0,0
BRDA:358,30,1,0
BRDA:361,31,0,0
BRDA:361,31,1,0
BRDA:364,32,0,0
BRDA:364,32,1,0
BRDA:364,33,0,0
BRDA:364,33,1,0
BRDA:366,34,0,0
BRDA:366,34,1,0
BRDA:369,35,0,0
BRDA:369,35,1,0
BRDA:369,35,2,0
BRDA:379,36,0,0
BRDA:379,36,1,0
BRDA:395,37,0,0
BRDA:395,37,1,0
BRDA:404,38,0,0
BRDA:404,38,1,0
BRDA:418,39,0,0
BRDA:418,39,1,0
BRDA:420,40,0,0
BRDA:420,40,1,0
BRDA:425,41,0,0
BRDA:425,41,1,0
BRDA:431,42,0,0
BRDA:431,42,1,0
BRDA:433,43,0,0
BRDA:433,43,1,0
BRF:93
BRH:0
end_of_record
TN:
SF:src\pages\wanted\WantedToolbar.tsx
FN:22,WantedToolbar
FNF:1
FNH:1
FNDA:5,WantedToolbar
DA:39,5
DA:41,5
LF:2
LH:2
BRDA:52,0,0,5
BRDA:52,0,1,5
BRDA:52,0,2,5
BRDA:62,1,0,0
BRDA:62,1,1,5
BRDA:79,2,0,5
BRDA:79,2,1,5
BRDA:98,3,0,5
BRDA:98,3,1,5
BRDA:107,4,0,0
BRDA:107,4,1,5
BRDA:111,5,0,5
BRDA:111,5,1,5
BRDA:118,6,0,0
BRDA:118,6,1,5
BRDA:118,7,0,5
BRDA:118,7,1,5
BRDA:120,8,0,0
BRDA:120,8,1,5
BRF:19
BRH:15
end_of_record
TN:
SF:src\stores\dashboardStore.ts
FN:39,(anonymous_0)
FN:43,(anonymous_1)
FN:44,(anonymous_2)
FN:48,(anonymous_3)
FN:49,(anonymous_4)
FN:53,(anonymous_5)
FN:58,(anonymous_6)
FN:59,(anonymous_7)
FN:64,(anonymous_8)
FNF:9
FNH:0
FNDA:0,(anonymous_0)
FNDA:0,(anonymous_1)
FNDA:0,(anonymous_2)
FNDA:0,(anonymous_3)
FNDA:0,(anonymous_4)
FNDA:0,(anonymous_5)
FNDA:0,(anonymous_6)
FNDA:0,(anonymous_7)
FNDA:0,(anonymous_8)
DA:33,0
DA:38,0
DA:40,0
DA:44,0
DA:49,0
DA:50,0
DA:51,0
DA:53,0
DA:59,0
DA:64,0
LF:10
LH:0
BRDA:52,0,0,0
BRDA:52,0,1,0
BRF:2
BRH:0
end_of_record
TN:
SF:src\stores\selectionStore.ts
FN:29,(anonymous_0)
FN:33,(anonymous_1)
FN:34,(anonymous_2)
FN:58,(anonymous_3)
FN:59,(anonymous_4)
FN:61,(anonymous_5)
FN:62,(anonymous_6)
FN:67,(anonymous_7)
FN:68,(anonymous_8)
FN:69,(anonymous_9)
FN:70,(anonymous_10)
FNF:11
FNH:1
FNDA:1,(anonymous_0)
FNDA:0,(anonymous_1)
FNDA:0,(anonymous_2)
FNDA:0,(anonymous_3)
FNDA:0,(anonymous_4)
FNDA:0,(anonymous_5)
FNDA:0,(anonymous_6)
FNDA:0,(anonymous_7)
FNDA:0,(anonymous_8)
FNDA:0,(anonymous_9)
FNDA:0,(anonymous_10)
DA:29,1
DA:34,0
DA:35,0
DA:36,0
DA:38,0
DA:39,0
DA:40,0
DA:41,0
DA:44,0
DA:45,0
DA:47,0
DA:51,0
DA:59,0
DA:62,0
DA:67,0
DA:68,0
DA:69,0
DA:70,0
LF:18
LH:1
BRDA:35,0,0,0
BRDA:35,0,1,0
BRDA:36,1,0,0
BRDA:36,1,1,0
BRDA:38,2,0,0
BRDA:38,2,1,0
BRDA:38,3,0,0
BRDA:38,3,1,0
BRDA:39,4,0,0
BRDA:39,4,1,0
BRDA:41,5,0,0
BRDA:41,5,1,0
BRDA:44,6,0,0
BRDA:44,6,1,0
BRDA:67,7,0,0
BRDA:67,7,1,0
BRDA:68,8,0,0
BRDA:68,8,1,0
BRDA:69,9,0,0
BRDA:69,9,1,0
BRDA:70,10,0,0
BRDA:70,10,1,0
BRF:22
BRH:0
end_of_record
TN:
SF:src\styles\settingsShared.ts
FNF:0
FNH:0
DA:4,6
LF:1
LH:1
BRF:0
BRH:0
end_of_record
TN:
SF:src\types\core.ts
FNF:0
FNH:0
LF:0
LH:0
BRF:0
BRH:0
end_of_record
TN:
SF:src\types\library.ts
FNF:0
FNH:0
LF:0
LH:0
BRF:0
BRH:0
end_of_record
TN:
SF:src\types\providers.ts
FNF:0
FNH:0
LF:0
LH:0
BRF:0
BRH:0
end_of_record
TN:
SF:src\types\settings.ts
FNF:0
FNH:0
LF:0
LH:0
BRF:0
BRH:0
end_of_record
TN:
SF:src\types\system.ts
FNF:0
FNH:0
LF:0
LH:0
BRF:0
BRH:0
end_of_record
TN:
SF:src\types\translation.ts
FNF:0
FNH:0
LF:0
LH:0
BRF:0
BRH:0
end_of_record
TN:
SF:src\types\wanted.ts
FNF:0
FNH:0
LF:0
LH:0
BRF:0
BRH:0
end_of_record
